heap profile: 1: 19072 [941: 16953296] @ heap/1048576
1: 19072 [1: 19072] @ 0x40e76a 0x40e4f6 0x7e270b 0x440741 0x44070e 0x44070e 0x44070e 0x4341ca 0x460cd1
#	0x7e270a	encoding/xml.init+0x49a	C:/Go/src/encoding/xml/xml.go:1588
#	0x440740	runtime.doInit+0x90	C:/Go/src/runtime/proc.go:5222
#	0x44070d	runtime.doInit+0x5d	C:/Go/src/runtime/proc.go:5217
#	0x44070d	runtime.doInit+0x5d	C:/Go/src/runtime/proc.go:5217
#	0x44070d	runtime.doInit+0x5d	C:/Go/src/runtime/proc.go:5217
#	0x4341c9	runtime.main+0x1d9	C:/Go/src/runtime/proc.go:190

0: 0 [1: 3456] @ 0x4f30b9 0x91ed48 0x7e60c0 0x800f59 0x7fbe29 0x460cd1
#	0x4f30b8	fmt.Sprintf+0x98								C:/Go/src/fmt/print.go:220
#	0x91ed47	main.loggingMiddlware.func1.1+0x2c7						D:/Egorka/Folders/go/src/github.com/egorka-gh/pixlpark/cmd/monolit/options.go:78
#	0x7e60bf	github.com/egorka-gh/pixlpark/pixlpark/service.Endpoints.GetOrderItems+0x8f	D:/Egorka/Folders/go/src/github.com/egorka-gh/pixlpark/pixlpark/service/endpoint.go:168
#	0x800f58	github.com/egorka-gh/pixlpark/transform.(*baseFactory).transformItems+0x1d8	D:/Egorka/Folders/go/src/github.com/egorka-gh/pixlpark/transform/factory.go:722
#	0x7fbe28	github.com/egorka-gh/pixlpark/transform.(*baseFactory).run+0x78			D:/Egorka/Folders/go/src/github.com/egorka-gh/pixlpark/transform/factory.go:335

0: 0 [1: 176] @ 0x7ee62d 0x7ee272 0x7ffa32 0x7fbe29 0x460cd1
#	0x7ee62c	archive/zip.(*Reader).init+0x2dc					C:/Go/src/archive/zip/reader.go:104
#	0x7ee271	archive/zip.OpenReader+0x151						C:/Go/src/archive/zip/reader.go:61
#	0x7ffa31	github.com/egorka-gh/pixlpark/transform.(*baseFactory).unzip+0x281	D:/Egorka/Folders/go/src/github.com/egorka-gh/pixlpark/transform/factory.go:611
#	0x7fbe28	github.com/egorka-gh/pixlpark/transform.(*baseFactory).run+0x78		D:/Egorka/Folders/go/src/github.com/egorka-gh/pixlpark/transform/factory.go:335

0: 0 [1: 96] @ 0x404ed3 0x492891 0x683bb9 0x6832e0 0x682d31 0x684445 0x68403c 0x7e4b78 0x91ec3c 0x7e6394 0x803525 0x801ef5 0x7fbe29 0x460cd1
#	0x492890	time.NewTimer+0x40								C:/Go/src/time/sleep.go:83
#	0x683bb8	net/http.setRequestCancel+0x1e8							C:/Go/src/net/http/client.go:317
#	0x6832df	net/http.send+0x3ff								C:/Go/src/net/http/client.go:248
#	0x682d30	net/http.(*Client).send+0x100							C:/Go/src/net/http/client.go:174
#	0x684444	net/http.(*Client).do+0x3d4							C:/Go/src/net/http/client.go:641
#	0x68403b	net/http.(*Client).Do+0x3b							C:/Go/src/net/http/client.go:509
#	0x7e4b77	github.com/go-kit/kit/transport/http.Client.Endpoint.func1+0x337		D:/Egorka/Folders/go/src/github.com/go-kit/kit/transport/http/client.go:129
#	0x91ec3b	main.loggingMiddlware.func1.1+0x1bb						D:/Egorka/Folders/go/src/github.com/egorka-gh/pixlpark/cmd/monolit/options.go:74
#	0x7e6393	github.com/egorka-gh/pixlpark/pixlpark/service.Endpoints.SetOrderStatus+0x123	D:/Egorka/Folders/go/src/github.com/egorka-gh/pixlpark/pixlpark/service/endpoint.go:203
#	0x803524	github.com/egorka-gh/pixlpark/transform.(*baseFactory).finish+0x464		D:/Egorka/Folders/go/src/github.com/egorka-gh/pixlpark/transform/factory.go:923
#	0x801ef4	github.com/egorka-gh/pixlpark/transform.(*baseFactory).transformItems+0x1174	D:/Egorka/Folders/go/src/github.com/egorka-gh/pixlpark/transform/factory.go:820
#	0x7fbe28	github.com/egorka-gh/pixlpark/transform.(*baseFactory).run+0x78			D:/Egorka/Folders/go/src/github.com/egorka-gh/pixlpark/transform/factory.go:335

0: 0 [1: 144] @ 0x7efd39 0x7ee6ac 0x7ee272 0x7ffa32 0x7fbe29 0x460cd1
#	0x7efd38	archive/zip.readDirectoryHeader+0x688					C:/Go/src/archive/zip/reader.go:283
#	0x7ee6ab	archive/zip.(*Reader).init+0x35b					C:/Go/src/archive/zip/reader.go:105
#	0x7ee271	archive/zip.OpenReader+0x151						C:/Go/src/archive/zip/reader.go:61
#	0x7ffa31	github.com/egorka-gh/pixlpark/transform.(*baseFactory).unzip+0x281	D:/Egorka/Folders/go/src/github.com/egorka-gh/pixlpark/transform/factory.go:611
#	0x7fbe28	github.com/egorka-gh/pixlpark/transform.(*baseFactory).run+0x78		D:/Egorka/Folders/go/src/github.com/egorka-gh/pixlpark/transform/factory.go:335

0: 0 [1: 256] @ 0x7c3549 0x7fc153 0x7fbe29 0x7fa2c8 0x80635f 0x80592c 0x804fac 0x460cd1
#	0x7c3548	github.com/go-kit/kit/log.With+0x308						D:/Egorka/Folders/go/src/github.com/go-kit/kit/log/log.go:29
#	0x7fc152	github.com/egorka-gh/pixlpark/transform.(*baseFactory).fetchToLoad+0x242	D:/Egorka/Folders/go/src/github.com/egorka-gh/pixlpark/transform/factory.go:355
#	0x7fbe28	github.com/egorka-gh/pixlpark/transform.(*baseFactory).run+0x78			D:/Egorka/Folders/go/src/github.com/egorka-gh/pixlpark/transform/factory.go:335
#	0x7fa2c7	github.com/egorka-gh/pixlpark/transform.(*baseFactory).LoadNew+0x2e7		D:/Egorka/Folders/go/src/github.com/egorka-gh/pixlpark/transform/factory.go:161
#	0x80635e	github.com/egorka-gh/pixlpark/transform.(*Manager).runQueue+0xde		D:/Egorka/Folders/go/src/github.com/egorka-gh/pixlpark/transform/manager.go:284
#	0x80592b	github.com/egorka-gh/pixlpark/transform.(*Manager).doWork+0xcb			D:/Egorka/Folders/go/src/github.com/egorka-gh/pixlpark/transform/manager.go:218
#	0x804fab	github.com/egorka-gh/pixlpark/transform.(*Manager).machine+0x18b		D:/Egorka/Folders/go/src/github.com/egorka-gh/pixlpark/transform/manager.go:90

0: 0 [2: 576] @ 0x4739b1 0x476de0 0x4eae28 0x4eadf9 0x4ecfc4 0x4ec43c 0x4ed4d4 0x4ec43c 0x4ed4d4 0x4ec43c 0x4ed4d4 0x4ec43c 0x8034ad 0x801ef5 0x7fbe29 0x460cd1
#	0x4739b0	unicode/utf16.Encode+0x70							C:/Go/src/unicode/utf16/utf16.go:64
#	0x476ddf	syscall.UTF16FromString+0x10f							C:/Go/src/syscall/syscall_windows.go:45
#	0x4eae27	syscall.UTF16PtrFromString+0x57							C:/Go/src/syscall/syscall_windows.go:72
#	0x4eadf8	os.Remove+0x28									C:/Go/src/os/file_windows.go:271
#	0x4ecfc3	os.removeAll+0x193								C:/Go/src/os/removeall_noat.go:29
#	0x4ec43b	os.RemoveAll+0x3b								C:/Go/src/os/path.go:70
#	0x4ed4d3	os.removeAll+0x6a3								C:/Go/src/os/removeall_noat.go:68
#	0x4ec43b	os.RemoveAll+0x3b								C:/Go/src/os/path.go:70
#	0x4ed4d3	os.removeAll+0x6a3								C:/Go/src/os/removeall_noat.go:68
#	0x4ec43b	os.RemoveAll+0x3b								C:/Go/src/os/path.go:70
#	0x4ed4d3	os.removeAll+0x6a3								C:/Go/src/os/removeall_noat.go:68
#	0x4ec43b	os.RemoveAll+0x3b								C:/Go/src/os/path.go:70
#	0x8034ac	github.com/egorka-gh/pixlpark/transform.(*baseFactory).finish+0x3ec		D:/Egorka/Folders/go/src/github.com/egorka-gh/pixlpark/transform/factory.go:945
#	0x801ef4	github.com/egorka-gh/pixlpark/transform.(*baseFactory).transformItems+0x1174	D:/Egorka/Folders/go/src/github.com/egorka-gh/pixlpark/transform/factory.go:820
#	0x7fbe28	github.com/egorka-gh/pixlpark/transform.(*baseFactory).run+0x78			D:/Egorka/Folders/go/src/github.com/egorka-gh/pixlpark/transform/factory.go:335

0: 0 [1: 16] @ 0x4b91f4 0x4b80c1 0x4f8c8a 0x4f755d 0x4f8b8c 0x4f68db 0x4fa212 0x4f308d 0x91ed48 0x7e60c0 0x800f59 0x7fbe29 0x460cd1
#	0x4b91f3	reflect.(*structType).Field+0x153						C:/Go/src/reflect/type.go:1214
#	0x4b80c0	reflect.(*rtype).Field+0x80							C:/Go/src/reflect/type.go:928
#	0x4f8c89	fmt.(*pp).printValue+0x1c49							C:/Go/src/fmt/print.go:805
#	0x4f755c	fmt.(*pp).printValue+0x51c							C:/Go/src/fmt/print.go:869
#	0x4f8b8b	fmt.(*pp).printValue+0x1b4b							C:/Go/src/fmt/print.go:810
#	0x4f68da	fmt.(*pp).printArg+0x2ba							C:/Go/src/fmt/print.go:716
#	0x4fa211	fmt.(*pp).doPrintf+0x161							C:/Go/src/fmt/print.go:1030
#	0x4f308c	fmt.Sprintf+0x6c								C:/Go/src/fmt/print.go:219
#	0x91ed47	main.loggingMiddlware.func1.1+0x2c7						D:/Egorka/Folders/go/src/github.com/egorka-gh/pixlpark/cmd/monolit/options.go:78
#	0x7e60bf	github.com/egorka-gh/pixlpark/pixlpark/service.Endpoints.GetOrderItems+0x8f	D:/Egorka/Folders/go/src/github.com/egorka-gh/pixlpark/pixlpark/service/endpoint.go:168
#	0x800f58	github.com/egorka-gh/pixlpark/transform.(*baseFactory).transformItems+0x1d8	D:/Egorka/Folders/go/src/github.com/egorka-gh/pixlpark/transform/factory.go:722
#	0x7fbe28	github.com/egorka-gh/pixlpark/transform.(*baseFactory).run+0x78			D:/Egorka/Folders/go/src/github.com/egorka-gh/pixlpark/transform/factory.go:335

0: 0 [1: 32768] @ 0x65f2d0 0x65f32f 0x6618d1 0x660fdb 0x660e4f 0x6e6c34 0x7c8afc 0x685b53 0x73b9c2 0x73b753 0x73b220 0x7ea252 0x7e4d0c 0x91ec3c 0x7e6394 0x803525 0x801ef5 0x7fbe29 0x460cd1
#	0x65f2cf	compress/flate.(*dictDecoder).init+0x23f						C:/Go/src/compress/flate/dict_decoder.go:43
#	0x65f32e	compress/flate.NewReader+0x29e								C:/Go/src/compress/flate/inflate.go:804
#	0x6618d0	compress/gzip.(*Reader).readHeader+0x2f0						C:/Go/src/compress/gzip/gunzip.go:238
#	0x660fda	compress/gzip.(*Reader).Reset+0x12a							C:/Go/src/compress/gzip/gunzip.go:113
#	0x660e4e	compress/gzip.NewReader+0x5e								C:/Go/src/compress/gzip/gunzip.go:94
#	0x6e6c33	net/http.(*gzipReader).Read+0x1a3							C:/Go/src/net/http/transport.go:2615
#	0x7c8afb	github.com/egorka-gh/pixlpark/pixlpark/oauth.(*onEOFReader).Read+0x5b			D:/Egorka/Folders/go/src/github.com/egorka-gh/pixlpark/pixlpark/oauth/transport.go:147
#	0x685b52	net/http.(*cancelTimerBody).Read+0x62							C:/Go/src/net/http/client.go:863
#	0x73b9c1	encoding/json.(*Decoder).refill+0xf1							C:/Go/src/encoding/json/stream.go:161
#	0x73b752	encoding/json.(*Decoder).readValue+0x1e2						C:/Go/src/encoding/json/stream.go:136
#	0x73b21f	encoding/json.(*Decoder).Decode+0x7f							C:/Go/src/encoding/json/stream.go:63
#	0x7ea251	github.com/egorka-gh/pixlpark/pixlpark/service.decodeSetOrderStatusResponse+0x441	D:/Egorka/Folders/go/src/github.com/egorka-gh/pixlpark/pixlpark/service/http.go:222
#	0x7e4d0b	github.com/go-kit/kit/transport/http.Client.Endpoint.func1+0x4cb			D:/Egorka/Folders/go/src/github.com/go-kit/kit/transport/http/client.go:149
#	0x91ec3b	main.loggingMiddlware.func1.1+0x1bb							D:/Egorka/Folders/go/src/github.com/egorka-gh/pixlpark/cmd/monolit/options.go:74
#	0x7e6393	github.com/egorka-gh/pixlpark/pixlpark/service.Endpoints.SetOrderStatus+0x123		D:/Egorka/Folders/go/src/github.com/egorka-gh/pixlpark/pixlpark/service/endpoint.go:203
#	0x803524	github.com/egorka-gh/pixlpark/transform.(*baseFactory).finish+0x464			D:/Egorka/Folders/go/src/github.com/egorka-gh/pixlpark/transform/factory.go:923
#	0x801ef4	github.com/egorka-gh/pixlpark/transform.(*baseFactory).transformItems+0x1174		D:/Egorka/Folders/go/src/github.com/egorka-gh/pixlpark/transform/factory.go:820
#	0x7fbe28	github.com/egorka-gh/pixlpark/transform.(*baseFactory).run+0x78				D:/Egorka/Folders/go/src/github.com/egorka-gh/pixlpark/transform/factory.go:335

0: 0 [1: 448] @ 0x44b027 0x476dbe 0x477479 0x47763e 0x4ea194 0x4ea891 0x4e890a 0x80b7c4 0x80b7d4 0x80af68 0x807b65 0x8025a3 0x7fbe29 0x460cd1
#	0x476dbd	syscall.UTF16FromString+0xed							C:/Go/src/syscall/syscall_windows.go:45
#	0x477478	syscall.UTF16PtrFromString+0x48							C:/Go/src/syscall/syscall_windows.go:72
#	0x47763d	syscall.Open+0x20d								C:/Go/src/syscall/syscall_windows.go:271
#	0x4ea193	os.openFile+0xa3								C:/Go/src/os/file_windows.go:102
#	0x4ea890	os.openFileNolog+0x140								C:/Go/src/os/file_windows.go:163
#	0x4e8909	os.OpenFile+0x69								C:/Go/src/os/file.go:300
#	0x80b7c3	os.Open+0xe3									C:/Go/src/os/file.go:280
#	0x80b7d3	github.com/egorka-gh/pixlpark/transform.copyFile+0xf3				D:/Egorka/Folders/go/src/github.com/egorka-gh/pixlpark/transform/util.go:68
#	0x80af67	github.com/egorka-gh/pixlpark/transform.listCopy+0x2a7				D:/Egorka/Folders/go/src/github.com/egorka-gh/pixlpark/transform/toCycle.go:414
#	0x807b64	github.com/egorka-gh/pixlpark/transform.(*baseFactory).transformPhoto+0x1464	D:/Egorka/Folders/go/src/github.com/egorka-gh/pixlpark/transform/toCycle.go:148
#	0x8025a2	github.com/egorka-gh/pixlpark/transform.(*baseFactory).transformItems+0x1822	D:/Egorka/Folders/go/src/github.com/egorka-gh/pixlpark/transform/factory.go:762
#	0x7fbe28	github.com/egorka-gh/pixlpark/transform.(*baseFactory).run+0x78			D:/Egorka/Folders/go/src/github.com/egorka-gh/pixlpark/transform/factory.go:335

0: 0 [1: 64] @ 0x569af7 0x569969 0x57f6c7 0x57f5e5 0x57f2aa 0x629c29 0x628051 0x609615 0x608e52 0x607521 0x605ae2 0x6ec0a9 0x460cd1
#	0x569af6	math/big.nat.make+0x1b6						C:/Go/src/math/big/nat.go:69
#	0x569968	math/big.nat.setBytes+0x28					C:/Go/src/math/big/nat.go:1313
#	0x57f6c6	math/big.(*Int).SetBytes+0x3e6					C:/Go/src/math/big/int.go:442
#	0x57f5e4	crypto/elliptic.(*p256Point).p256PointToAffine+0x304		C:/Go/src/crypto/elliptic/p256_asm.go:331
#	0x57f2a9	crypto/elliptic.p256Curve.ScalarMult+0x249			C:/Go/src/crypto/elliptic/p256_asm.go:292
#	0x629c28	crypto/tls.(*nistParameters).SharedKey+0xd8			C:/Go/src/crypto/tls/key_schedule.go:172
#	0x628050	crypto/tls.(*ecdheKeyAgreement).processServerKeyExchange+0x1e0	C:/Go/src/crypto/tls/key_agreement.go:271
#	0x609614	crypto/tls.(*clientHandshakeState).doFullHandshake+0x3f4	C:/Go/src/crypto/tls/handshake_client.go:503
#	0x608e51	crypto/tls.(*clientHandshakeState).handshake+0x401		C:/Go/src/crypto/tls/handshake_client.go:399
#	0x607520	crypto/tls.(*Conn).clientHandshake+0x2d0			C:/Go/src/crypto/tls/handshake_client.go:208
#	0x605ae1	crypto/tls.(*Conn).Handshake+0x131				C:/Go/src/crypto/tls/conn.go:1362
#	0x6ec0a8	net/http.(*persistConn).addTLS.func2+0x48			C:/Go/src/net/http/transport.go:1401

0: 0 [1: 448] @ 0x44b027 0x476dbe 0x4eae28 0x4eadf9 0x4ecfc4 0x4ec43c 0x4ed4d4 0x4ec43c 0x4ed4d4 0x4ec43c 0x8034ad 0x801ef5 0x7fbe29 0x460cd1
#	0x476dbd	syscall.UTF16FromString+0xed							C:/Go/src/syscall/syscall_windows.go:45
#	0x4eae27	syscall.UTF16PtrFromString+0x57							C:/Go/src/syscall/syscall_windows.go:72
#	0x4eadf8	os.Remove+0x28									C:/Go/src/os/file_windows.go:271
#	0x4ecfc3	os.removeAll+0x193								C:/Go/src/os/removeall_noat.go:29
#	0x4ec43b	os.RemoveAll+0x3b								C:/Go/src/os/path.go:70
#	0x4ed4d3	os.removeAll+0x6a3								C:/Go/src/os/removeall_noat.go:68
#	0x4ec43b	os.RemoveAll+0x3b								C:/Go/src/os/path.go:70
#	0x4ed4d3	os.removeAll+0x6a3								C:/Go/src/os/removeall_noat.go:68
#	0x4ec43b	os.RemoveAll+0x3b								C:/Go/src/os/path.go:70
#	0x8034ac	github.com/egorka-gh/pixlpark/transform.(*baseFactory).finish+0x3ec		D:/Egorka/Folders/go/src/github.com/egorka-gh/pixlpark/transform/factory.go:945
#	0x801ef4	github.com/egorka-gh/pixlpark/transform.(*baseFactory).transformItems+0x1174	D:/Egorka/Folders/go/src/github.com/egorka-gh/pixlpark/transform/factory.go:820
#	0x7fbe28	github.com/egorka-gh/pixlpark/transform.(*baseFactory).run+0x78			D:/Egorka/Folders/go/src/github.com/egorka-gh/pixlpark/transform/factory.go:335

0: 0 [1: 288] @ 0x4739b1 0x476de0 0x477479 0x47763e 0x4ea194 0x4ea891 0x4e890a 0x7fff47 0x7fbe29 0x460cd1
#	0x4739b0	unicode/utf16.Encode+0x70						C:/Go/src/unicode/utf16/utf16.go:64
#	0x476ddf	syscall.UTF16FromString+0x10f						C:/Go/src/syscall/syscall_windows.go:45
#	0x477478	syscall.UTF16PtrFromString+0x48						C:/Go/src/syscall/syscall_windows.go:72
#	0x47763d	syscall.Open+0x20d							C:/Go/src/syscall/syscall_windows.go:271
#	0x4ea193	os.openFile+0xa3							C:/Go/src/os/file_windows.go:102
#	0x4ea890	os.openFileNolog+0x140							C:/Go/src/os/file_windows.go:163
#	0x4e8909	os.OpenFile+0x69							C:/Go/src/os/file.go:300
#	0x7fff46	github.com/egorka-gh/pixlpark/transform.(*baseFactory).unzip+0x796	D:/Egorka/Folders/go/src/github.com/egorka-gh/pixlpark/transform/factory.go:672
#	0x7fbe28	github.com/egorka-gh/pixlpark/transform.(*baseFactory).run+0x78		D:/Egorka/Folders/go/src/github.com/egorka-gh/pixlpark/transform/factory.go:335

0: 0 [1: 448] @ 0x44b027 0x476dbe 0x4eae28 0x4eadf9 0x4ecfc4 0x4ec43c 0x4ed4d4 0x4ec43c 0x4ed4d4 0x4ec43c 0x4ed4d4 0x4ec43c 0x4ed4d4 0x4ec43c 0x8034ad 0x801ef5 0x7fbe29 0x460cd1
#	0x476dbd	syscall.UTF16FromString+0xed							C:/Go/src/syscall/syscall_windows.go:45
#	0x4eae27	syscall.UTF16PtrFromString+0x57							C:/Go/src/syscall/syscall_windows.go:72
#	0x4eadf8	os.Remove+0x28									C:/Go/src/os/file_windows.go:271
#	0x4ecfc3	os.removeAll+0x193								C:/Go/src/os/removeall_noat.go:29
#	0x4ec43b	os.RemoveAll+0x3b								C:/Go/src/os/path.go:70
#	0x4ed4d3	os.removeAll+0x6a3								C:/Go/src/os/removeall_noat.go:68
#	0x4ec43b	os.RemoveAll+0x3b								C:/Go/src/os/path.go:70
#	0x4ed4d3	os.removeAll+0x6a3								C:/Go/src/os/removeall_noat.go:68
#	0x4ec43b	os.RemoveAll+0x3b								C:/Go/src/os/path.go:70
#	0x4ed4d3	os.removeAll+0x6a3								C:/Go/src/os/removeall_noat.go:68
#	0x4ec43b	os.RemoveAll+0x3b								C:/Go/src/os/path.go:70
#	0x4ed4d3	os.removeAll+0x6a3								C:/Go/src/os/removeall_noat.go:68
#	0x4ec43b	os.RemoveAll+0x3b								C:/Go/src/os/path.go:70
#	0x8034ac	github.com/egorka-gh/pixlpark/transform.(*baseFactory).finish+0x3ec		D:/Egorka/Folders/go/src/github.com/egorka-gh/pixlpark/transform/factory.go:945
#	0x801ef4	github.com/egorka-gh/pixlpark/transform.(*baseFactory).transformItems+0x1174	D:/Egorka/Folders/go/src/github.com/egorka-gh/pixlpark/transform/factory.go:820
#	0x7fbe28	github.com/egorka-gh/pixlpark/transform.(*baseFactory).run+0x78			D:/Egorka/Folders/go/src/github.com/egorka-gh/pixlpark/transform/factory.go:335

0: 0 [1: 32] @ 0x77cb46 0x77811d 0x777dd0 0x7779d5 0x7bce8b 0x8031c8 0x801ef5 0x7fbe29 0x460cd1
#	0x77cb45	database/sql.resultFromStatement+0x215							C:/Go/src/database/sql/sql.go:2439
#	0x77811c	database/sql.(*DB).execDC+0x2fc								C:/Go/src/database/sql/sql.go:1538
#	0x777dcf	database/sql.(*DB).exec+0x13f								C:/Go/src/database/sql/sql.go:1499
#	0x7779d4	database/sql.(*DB).ExecContext+0xe4							C:/Go/src/database/sql/sql.go:1477
#	0x7bce8a	github.com/egorka-gh/pixlpark/photocycle/repo.(*basicRepository).StartOrders+0x14a	D:/Egorka/Folders/go/src/github.com/egorka-gh/pixlpark/photocycle/repo/repository.go:143
#	0x8031c7	github.com/egorka-gh/pixlpark/transform.(*baseFactory).finish+0x107			D:/Egorka/Folders/go/src/github.com/egorka-gh/pixlpark/transform/factory.go:932
#	0x801ef4	github.com/egorka-gh/pixlpark/transform.(*baseFactory).transformItems+0x1174		D:/Egorka/Folders/go/src/github.com/egorka-gh/pixlpark/transform/factory.go:820
#	0x7fbe28	github.com/egorka-gh/pixlpark/transform.(*baseFactory).run+0x78				D:/Egorka/Folders/go/src/github.com/egorka-gh/pixlpark/transform/factory.go:335

0: 0 [1: 14336] @ 0x82158e 0x8257e0 0x813d64 0x771657 0x77ca8d 0x77811d 0x77bf36 0x7baf57 0x7b9cfc 0x801c36 0x7fbe29 0x460cd1
#	0x82158d	github.com/go-sql-driver/mysql.(*mysqlStmt).writeExecutePacket+0x63d			D:/Egorka/Folders/go/src/github.com/go-sql-driver/mysql/packets.go:1131
#	0x8257df	github.com/go-sql-driver/mysql.(*mysqlStmt).Exec+0x12f					D:/Egorka/Folders/go/src/github.com/go-sql-driver/mysql/statement.go:52
#	0x813d63	github.com/go-sql-driver/mysql.(*mysqlStmt).ExecContext+0x153				D:/Egorka/Folders/go/src/github.com/go-sql-driver/mysql/connection.go:583
#	0x771656	database/sql.ctxDriverStmtExec+0x216							C:/Go/src/database/sql/ctxutil.go:65
#	0x77ca8c	database/sql.resultFromStatement+0x15c							C:/Go/src/database/sql/sql.go:2435
#	0x77811c	database/sql.(*DB).execDC+0x2fc								C:/Go/src/database/sql/sql.go:1538
#	0x77bf35	database/sql.(*Tx).ExecContext+0xf5							C:/Go/src/database/sql/sql.go:2275
#	0x7baf56	database/sql.(*Tx).Exec+0x1426								C:/Go/src/database/sql/sql.go:2281
#	0x7b9cfb	github.com/egorka-gh/pixlpark/photocycle/repo.(*basicRepository).FillOrders+0x1cb	D:/Egorka/Folders/go/src/github.com/egorka-gh/pixlpark/photocycle/repo/repository.go:119
#	0x801c35	github.com/egorka-gh/pixlpark/transform.(*baseFactory).transformItems+0xeb5		D:/Egorka/Folders/go/src/github.com/egorka-gh/pixlpark/transform/factory.go:811
#	0x7fbe28	github.com/egorka-gh/pixlpark/transform.(*baseFactory).run+0x78				D:/Egorka/Folders/go/src/github.com/egorka-gh/pixlpark/transform/factory.go:335

0: 0 [1: 640] @ 0x4e9ec2 0x4ea1f7 0x4ea891 0x4e890a 0x80b875 0x80af68 0x807b65 0x8025a3 0x7fbe29 0x460cd1
#	0x4e9ec1	os.newFile+0x81									C:/Go/src/os/file_windows.go:57
#	0x4ea1f6	os.openFile+0x106								C:/Go/src/os/file_windows.go:106
#	0x4ea890	os.openFileNolog+0x140								C:/Go/src/os/file_windows.go:163
#	0x4e8909	os.OpenFile+0x69								C:/Go/src/os/file.go:300
#	0x80b874	github.com/egorka-gh/pixlpark/transform.copyFile+0x194				D:/Egorka/Folders/go/src/github.com/egorka-gh/pixlpark/transform/util.go:75
#	0x80af67	github.com/egorka-gh/pixlpark/transform.listCopy+0x2a7				D:/Egorka/Folders/go/src/github.com/egorka-gh/pixlpark/transform/toCycle.go:414
#	0x807b64	github.com/egorka-gh/pixlpark/transform.(*baseFactory).transformPhoto+0x1464	D:/Egorka/Folders/go/src/github.com/egorka-gh/pixlpark/transform/toCycle.go:148
#	0x8025a2	github.com/egorka-gh/pixlpark/transform.(*baseFactory).transformItems+0x1822	D:/Egorka/Folders/go/src/github.com/egorka-gh/pixlpark/transform/factory.go:762
#	0x7fbe28	github.com/egorka-gh/pixlpark/transform.(*baseFactory).run+0x78			D:/Egorka/Folders/go/src/github.com/egorka-gh/pixlpark/transform/factory.go:335

0: 0 [1: 112] @ 0x4ee329 0x4ed765 0x4ed77a 0x4edbae 0x80b547 0x80a4b6 0x808e20 0x8013e1 0x7fbe29 0x460cd1
#	0x4ee328	os.stat+0x6f8									C:/Go/src/os/stat_windows.go:88
#	0x4ed764	os.statNolog+0x74								C:/Go/src/os/stat_windows.go:124
#	0x4ed779	os.Stat+0x89									C:/Go/src/os/stat.go:13
#	0x4edbad	os.(*File).Stat+0x33d								C:/Go/src/os/stat_windows.go:40
#	0x80b546	github.com/egorka-gh/pixlpark/transform.folderOpen+0x76				D:/Egorka/Folders/go/src/github.com/egorka-gh/pixlpark/transform/util.go:36
#	0x80a4b5	github.com/egorka-gh/pixlpark/transform.fillList+0x75				D:/Egorka/Folders/go/src/github.com/egorka-gh/pixlpark/transform/toCycle.go:338
#	0x808e1f	github.com/egorka-gh/pixlpark/transform.(*baseFactory).transformAlias+0x3ff	D:/Egorka/Folders/go/src/github.com/egorka-gh/pixlpark/transform/toCycle.go:193
#	0x8013e0	github.com/egorka-gh/pixlpark/transform.(*baseFactory).transformItems+0x660	D:/Egorka/Folders/go/src/github.com/egorka-gh/pixlpark/transform/factory.go:757
#	0x7fbe28	github.com/egorka-gh/pixlpark/transform.(*baseFactory).run+0x78			D:/Egorka/Folders/go/src/github.com/egorka-gh/pixlpark/transform/factory.go:335

0: 0 [1: 1792] @ 0x4f8f3c 0x4f8ef3 0x4f755d 0x4f8b8c 0x4f68db 0x4fa212 0x4f308d 0x91ed48 0x7e60c0 0x800f59 0x7fbe29 0x460cd1
#	0x4f8f3b	fmt.(*buffer).writeByte+0x1efb							C:/Go/src/fmt/print.go:86
#	0x4f8ef2	fmt.(*pp).printValue+0x1eb2							C:/Go/src/fmt/print.go:801
#	0x4f755c	fmt.(*pp).printValue+0x51c							C:/Go/src/fmt/print.go:869
#	0x4f8b8b	fmt.(*pp).printValue+0x1b4b							C:/Go/src/fmt/print.go:810
#	0x4f68da	fmt.(*pp).printArg+0x2ba							C:/Go/src/fmt/print.go:716
#	0x4fa211	fmt.(*pp).doPrintf+0x161							C:/Go/src/fmt/print.go:1030
#	0x4f308c	fmt.Sprintf+0x6c								C:/Go/src/fmt/print.go:219
#	0x91ed47	main.loggingMiddlware.func1.1+0x2c7						D:/Egorka/Folders/go/src/github.com/egorka-gh/pixlpark/cmd/monolit/options.go:78
#	0x7e60bf	github.com/egorka-gh/pixlpark/pixlpark/service.Endpoints.GetOrderItems+0x8f	D:/Egorka/Folders/go/src/github.com/egorka-gh/pixlpark/pixlpark/service/endpoint.go:168
#	0x800f58	github.com/egorka-gh/pixlpark/transform.(*baseFactory).transformItems+0x1d8	D:/Egorka/Folders/go/src/github.com/egorka-gh/pixlpark/transform/factory.go:722
#	0x7fbe28	github.com/egorka-gh/pixlpark/transform.(*baseFactory).run+0x78			D:/Egorka/Folders/go/src/github.com/egorka-gh/pixlpark/transform/factory.go:335

0: 0 [1: 208] @ 0x4739b1 0x476de0 0x4edcc6 0x4edc99 0x4ed765 0x4ed77a 0x4ec090 0x7ffe9d 0x7fbe29 0x460cd1
#	0x4739b0	unicode/utf16.Encode+0x70						C:/Go/src/unicode/utf16/utf16.go:64
#	0x476ddf	syscall.UTF16FromString+0x10f						C:/Go/src/syscall/syscall_windows.go:45
#	0x4edcc5	syscall.UTF16PtrFromString+0x95						C:/Go/src/syscall/syscall_windows.go:72
#	0x4edc98	os.stat+0x68								C:/Go/src/os/stat_windows.go:71
#	0x4ed764	os.statNolog+0x74							C:/Go/src/os/stat_windows.go:124
#	0x4ed779	os.Stat+0x89								C:/Go/src/os/stat.go:13
#	0x4ec08f	os.MkdirAll+0x3f							C:/Go/src/os/path.go:20
#	0x7ffe9c	github.com/egorka-gh/pixlpark/transform.(*baseFactory).unzip+0x6ec	D:/Egorka/Folders/go/src/github.com/egorka-gh/pixlpark/transform/factory.go:651
#	0x7fbe28	github.com/egorka-gh/pixlpark/transform.(*baseFactory).run+0x78		D:/Egorka/Folders/go/src/github.com/egorka-gh/pixlpark/transform/factory.go:335

0: 0 [1: 96] @ 0x44ad96 0x44a7f5 0x44aa7e 0x5f5d8f 0x7ffe7d 0x7fbe29 0x460cd1
#	0x5f5d8e	path/filepath.Dir+0xfe							C:/Go/src/path/filepath/path.go:474
#	0x7ffe7c	github.com/egorka-gh/pixlpark/transform.(*baseFactory).unzip+0x6cc	D:/Egorka/Folders/go/src/github.com/egorka-gh/pixlpark/transform/factory.go:651
#	0x7fbe28	github.com/egorka-gh/pixlpark/transform.(*baseFactory).run+0x78		D:/Egorka/Folders/go/src/github.com/egorka-gh/pixlpark/transform/factory.go:335

0: 0 [1: 640] @ 0x4e9ec2 0x4ea1f7 0x4ea891 0x4e890a 0x80b7c4 0x80b7d4 0x80af68 0x809572 0x8013e1 0x7fbe29 0x460cd1
#	0x4e9ec1	os.newFile+0x81									C:/Go/src/os/file_windows.go:57
#	0x4ea1f6	os.openFile+0x106								C:/Go/src/os/file_windows.go:106
#	0x4ea890	os.openFileNolog+0x140								C:/Go/src/os/file_windows.go:163
#	0x4e8909	os.OpenFile+0x69								C:/Go/src/os/file.go:300
#	0x80b7c3	os.Open+0xe3									C:/Go/src/os/file.go:280
#	0x80b7d3	github.com/egorka-gh/pixlpark/transform.copyFile+0xf3				D:/Egorka/Folders/go/src/github.com/egorka-gh/pixlpark/transform/util.go:68
#	0x80af67	github.com/egorka-gh/pixlpark/transform.listCopy+0x2a7				D:/Egorka/Folders/go/src/github.com/egorka-gh/pixlpark/transform/toCycle.go:414
#	0x809571	github.com/egorka-gh/pixlpark/transform.(*baseFactory).transformAlias+0xb51	D:/Egorka/Folders/go/src/github.com/egorka-gh/pixlpark/transform/toCycle.go:262
#	0x8013e0	github.com/egorka-gh/pixlpark/transform.(*baseFactory).transformItems+0x660	D:/Egorka/Folders/go/src/github.com/egorka-gh/pixlpark/transform/factory.go:757
#	0x7fbe28	github.com/egorka-gh/pixlpark/transform.(*baseFactory).run+0x78			D:/Egorka/Folders/go/src/github.com/egorka-gh/pixlpark/transform/factory.go:335

0: 0 [1: 512] @ 0x44b027 0x476dbe 0x4eae28 0x4eadf9 0x4ecfc4 0x4ec43c 0x4ed4d4 0x4ec43c 0x4ed4d4 0x4ec43c 0x4ed4d4 0x4ec43c 0x4ed4d4 0x4ec43c 0x8034ad 0x801ef5 0x7fbe29 0x460cd1
#	0x476dbd	syscall.UTF16FromString+0xed							C:/Go/src/syscall/syscall_windows.go:45
#	0x4eae27	syscall.UTF16PtrFromString+0x57							C:/Go/src/syscall/syscall_windows.go:72
#	0x4eadf8	os.Remove+0x28									C:/Go/src/os/file_windows.go:271
#	0x4ecfc3	os.removeAll+0x193								C:/Go/src/os/removeall_noat.go:29
#	0x4ec43b	os.RemoveAll+0x3b								C:/Go/src/os/path.go:70
#	0x4ed4d3	os.removeAll+0x6a3								C:/Go/src/os/removeall_noat.go:68
#	0x4ec43b	os.RemoveAll+0x3b								C:/Go/src/os/path.go:70
#	0x4ed4d3	os.removeAll+0x6a3								C:/Go/src/os/removeall_noat.go:68
#	0x4ec43b	os.RemoveAll+0x3b								C:/Go/src/os/path.go:70
#	0x4ed4d3	os.removeAll+0x6a3								C:/Go/src/os/removeall_noat.go:68
#	0x4ec43b	os.RemoveAll+0x3b								C:/Go/src/os/path.go:70
#	0x4ed4d3	os.removeAll+0x6a3								C:/Go/src/os/removeall_noat.go:68
#	0x4ec43b	os.RemoveAll+0x3b								C:/Go/src/os/path.go:70
#	0x8034ac	github.com/egorka-gh/pixlpark/transform.(*baseFactory).finish+0x3ec		D:/Egorka/Folders/go/src/github.com/egorka-gh/pixlpark/transform/factory.go:945
#	0x801ef4	github.com/egorka-gh/pixlpark/transform.(*baseFactory).transformItems+0x1174	D:/Egorka/Folders/go/src/github.com/egorka-gh/pixlpark/transform/factory.go:820
#	0x7fbe28	github.com/egorka-gh/pixlpark/transform.(*baseFactory).run+0x78			D:/Egorka/Folders/go/src/github.com/egorka-gh/pixlpark/transform/factory.go:335

0: 0 [2: 8192] @ 0x6e07a9 0x6e077e 0x6df053 0x460cd1
#	0x6e07a8	bufio.NewWriterSize+0xa78		C:/Go/src/bufio/bufio.go:564
#	0x6e077d	net/http.(*Transport).dialConn+0xa4d	C:/Go/src/net/http/transport.go:1564
#	0x6df052	net/http.(*Transport).dialConnFor+0xe2	C:/Go/src/net/http/transport.go:1300

0: 0 [1: 40960] @ 0x829f9a 0x813614 0x77116e 0x7810b2 0x780834 0x7782d9 0x77bf36 0x7baf57 0x7b9cfc 0x801c36 0x7fbe29 0x460cd1
#	0x829f99	github.com/go-sql-driver/mysql.namedValueToValue+0x49					D:/Egorka/Folders/go/src/github.com/go-sql-driver/mysql/utils.go:677
#	0x813613	github.com/go-sql-driver/mysql.(*mysqlConn).ExecContext+0x73				D:/Egorka/Folders/go/src/github.com/go-sql-driver/mysql/connection.go:520
#	0x77116d	database/sql.ctxDriverExec+0x22d							C:/Go/src/database/sql/ctxutil.go:31
#	0x7810b1	database/sql.(*DB).execDC.func2+0x1e1							C:/Go/src/database/sql/sql.go:1519
#	0x780833	database/sql.withLock+0x73								C:/Go/src/database/sql/sql.go:3184
#	0x7782d8	database/sql.(*DB).execDC+0x4b8								C:/Go/src/database/sql/sql.go:1514
#	0x77bf35	database/sql.(*Tx).ExecContext+0xf5							C:/Go/src/database/sql/sql.go:2275
#	0x7baf56	database/sql.(*Tx).Exec+0x1426								C:/Go/src/database/sql/sql.go:2281
#	0x7b9cfb	github.com/egorka-gh/pixlpark/photocycle/repo.(*basicRepository).FillOrders+0x1cb	D:/Egorka/Folders/go/src/github.com/egorka-gh/pixlpark/photocycle/repo/repository.go:119
#	0x801c35	github.com/egorka-gh/pixlpark/transform.(*baseFactory).transformItems+0xeb5		D:/Egorka/Folders/go/src/github.com/egorka-gh/pixlpark/transform/factory.go:811
#	0x7fbe28	github.com/egorka-gh/pixlpark/transform.(*baseFactory).run+0x78				D:/Egorka/Folders/go/src/github.com/egorka-gh/pixlpark/transform/factory.go:335

0: 0 [1: 10880] @ 0x7bbfc6 0x801c36 0x7fbe29 0x460cd1
#	0x7bbfc5	github.com/egorka-gh/pixlpark/photocycle/repo.(*basicRepository).FillOrders+0x2495	D:/Egorka/Folders/go/src/github.com/egorka-gh/pixlpark/photocycle/repo/repository.go:83
#	0x801c35	github.com/egorka-gh/pixlpark/transform.(*baseFactory).transformItems+0xeb5		D:/Egorka/Folders/go/src/github.com/egorka-gh/pixlpark/transform/factory.go:811
#	0x7fbe28	github.com/egorka-gh/pixlpark/transform.(*baseFactory).run+0x78				D:/Egorka/Folders/go/src/github.com/egorka-gh/pixlpark/transform/factory.go:335

0: 0 [1: 576] @ 0x44b027 0x476dbe 0x477479 0x47763e 0x4ea194 0x4ea891 0x4e890a 0x80b7c4 0x80b7d4 0x80af68 0x807b65 0x8025a3 0x7fbe29 0x460cd1
#	0x476dbd	syscall.UTF16FromString+0xed							C:/Go/src/syscall/syscall_windows.go:45
#	0x477478	syscall.UTF16PtrFromString+0x48							C:/Go/src/syscall/syscall_windows.go:72
#	0x47763d	syscall.Open+0x20d								C:/Go/src/syscall/syscall_windows.go:271
#	0x4ea193	os.openFile+0xa3								C:/Go/src/os/file_windows.go:102
#	0x4ea890	os.openFileNolog+0x140								C:/Go/src/os/file_windows.go:163
#	0x4e8909	os.OpenFile+0x69								C:/Go/src/os/file.go:300
#	0x80b7c3	os.Open+0xe3									C:/Go/src/os/file.go:280
#	0x80b7d3	github.com/egorka-gh/pixlpark/transform.copyFile+0xf3				D:/Egorka/Folders/go/src/github.com/egorka-gh/pixlpark/transform/util.go:68
#	0x80af67	github.com/egorka-gh/pixlpark/transform.listCopy+0x2a7				D:/Egorka/Folders/go/src/github.com/egorka-gh/pixlpark/transform/toCycle.go:414
#	0x807b64	github.com/egorka-gh/pixlpark/transform.(*baseFactory).transformPhoto+0x1464	D:/Egorka/Folders/go/src/github.com/egorka-gh/pixlpark/transform/toCycle.go:148
#	0x8025a2	github.com/egorka-gh/pixlpark/transform.(*baseFactory).transformItems+0x1822	D:/Egorka/Folders/go/src/github.com/egorka-gh/pixlpark/transform/factory.go:762
#	0x7fbe28	github.com/egorka-gh/pixlpark/transform.(*baseFactory).run+0x78			D:/Egorka/Folders/go/src/github.com/egorka-gh/pixlpark/transform/factory.go:335

0: 0 [1: 160] @ 0x44ad96 0x44a7f5 0x44aa7e 0x476d9c 0x477479 0x47763e 0x4ea194 0x4ea891 0x4e890a 0x80b7c4 0x80b7d4 0x80af68 0x807b65 0x8025a3 0x7fbe29 0x460cd1
#	0x476d9b	syscall.UTF16FromString+0xcb							C:/Go/src/syscall/syscall_windows.go:45
#	0x477478	syscall.UTF16PtrFromString+0x48							C:/Go/src/syscall/syscall_windows.go:72
#	0x47763d	syscall.Open+0x20d								C:/Go/src/syscall/syscall_windows.go:271
#	0x4ea193	os.openFile+0xa3								C:/Go/src/os/file_windows.go:102
#	0x4ea890	os.openFileNolog+0x140								C:/Go/src/os/file_windows.go:163
#	0x4e8909	os.OpenFile+0x69								C:/Go/src/os/file.go:300
#	0x80b7c3	os.Open+0xe3									C:/Go/src/os/file.go:280
#	0x80b7d3	github.com/egorka-gh/pixlpark/transform.copyFile+0xf3				D:/Egorka/Folders/go/src/github.com/egorka-gh/pixlpark/transform/util.go:68
#	0x80af67	github.com/egorka-gh/pixlpark/transform.listCopy+0x2a7				D:/Egorka/Folders/go/src/github.com/egorka-gh/pixlpark/transform/toCycle.go:414
#	0x807b64	github.com/egorka-gh/pixlpark/transform.(*baseFactory).transformPhoto+0x1464	D:/Egorka/Folders/go/src/github.com/egorka-gh/pixlpark/transform/toCycle.go:148
#	0x8025a2	github.com/egorka-gh/pixlpark/transform.(*baseFactory).transformItems+0x1822	D:/Egorka/Folders/go/src/github.com/egorka-gh/pixlpark/transform/factory.go:762
#	0x7fbe28	github.com/egorka-gh/pixlpark/transform.(*baseFactory).run+0x78			D:/Egorka/Folders/go/src/github.com/egorka-gh/pixlpark/transform/factory.go:335

0: 0 [1: 112] @ 0x4ee329 0x4ed765 0x4ed77a 0x80b742 0x80af68 0x807b65 0x8025a3 0x7fbe29 0x460cd1
#	0x4ee328	os.stat+0x6f8									C:/Go/src/os/stat_windows.go:88
#	0x4ed764	os.statNolog+0x74								C:/Go/src/os/stat_windows.go:124
#	0x4ed779	os.Stat+0x89									C:/Go/src/os/stat.go:13
#	0x80b741	github.com/egorka-gh/pixlpark/transform.copyFile+0x61				D:/Egorka/Folders/go/src/github.com/egorka-gh/pixlpark/transform/util.go:58
#	0x80af67	github.com/egorka-gh/pixlpark/transform.listCopy+0x2a7				D:/Egorka/Folders/go/src/github.com/egorka-gh/pixlpark/transform/toCycle.go:414
#	0x807b64	github.com/egorka-gh/pixlpark/transform.(*baseFactory).transformPhoto+0x1464	D:/Egorka/Folders/go/src/github.com/egorka-gh/pixlpark/transform/toCycle.go:148
#	0x8025a2	github.com/egorka-gh/pixlpark/transform.(*baseFactory).transformItems+0x1822	D:/Egorka/Folders/go/src/github.com/egorka-gh/pixlpark/transform/factory.go:762
#	0x7fbe28	github.com/egorka-gh/pixlpark/transform.(*baseFactory).run+0x78			D:/Egorka/Folders/go/src/github.com/egorka-gh/pixlpark/transform/factory.go:335

0: 0 [1: 112] @ 0x787232 0x786f8e 0x789f78 0x79d231 0x806f85 0x806f60 0x8025a3 0x7fbe29 0x460cd1
#	0x787231	regexp/syntax.(*parser).newRegexp+0x591						C:/Go/src/regexp/syntax/parse.go:94
#	0x786f8d	regexp/syntax.(*parser).repeat+0x2ed						C:/Go/src/regexp/syntax/parse.go:248
#	0x789f77	regexp/syntax.Parse+0x3d7							C:/Go/src/regexp/syntax/parse.go:788
#	0x79d230	regexp.compile+0x60								C:/Go/src/regexp/regexp.go:170
#	0x806f84	regexp.Compile+0x884								C:/Go/src/regexp/regexp.go:133
#	0x806f5f	github.com/egorka-gh/pixlpark/transform.(*baseFactory).transformPhoto+0x85f	D:/Egorka/Folders/go/src/github.com/egorka-gh/pixlpark/transform/toCycle.go:62
#	0x8025a2	github.com/egorka-gh/pixlpark/transform.(*baseFactory).transformItems+0x1822	D:/Egorka/Folders/go/src/github.com/egorka-gh/pixlpark/transform/factory.go:762
#	0x7fbe28	github.com/egorka-gh/pixlpark/transform.(*baseFactory).run+0x78			D:/Egorka/Folders/go/src/github.com/egorka-gh/pixlpark/transform/factory.go:335

0: 0 [2: 1024] @ 0x44b027 0x476dbe 0x477479 0x47763e 0x4ea194 0x4ea891 0x4e890a 0x7fff47 0x7fbe29 0x460cd1
#	0x476dbd	syscall.UTF16FromString+0xed						C:/Go/src/syscall/syscall_windows.go:45
#	0x477478	syscall.UTF16PtrFromString+0x48						C:/Go/src/syscall/syscall_windows.go:72
#	0x47763d	syscall.Open+0x20d							C:/Go/src/syscall/syscall_windows.go:271
#	0x4ea193	os.openFile+0xa3							C:/Go/src/os/file_windows.go:102
#	0x4ea890	os.openFileNolog+0x140							C:/Go/src/os/file_windows.go:163
#	0x4e8909	os.OpenFile+0x69							C:/Go/src/os/file.go:300
#	0x7fff46	github.com/egorka-gh/pixlpark/transform.(*baseFactory).unzip+0x796	D:/Egorka/Folders/go/src/github.com/egorka-gh/pixlpark/transform/factory.go:672
#	0x7fbe28	github.com/egorka-gh/pixlpark/transform.(*baseFactory).run+0x78		D:/Egorka/Folders/go/src/github.com/egorka-gh/pixlpark/transform/factory.go:335

0: 0 [1: 80] @ 0x5490cf 0x80b440 0x80b40b 0x7ffdf1 0x7fbe29 0x460cd1
#	0x5490ce	strings.genSplit+0x6e							C:/Go/src/strings/strings.go:256
#	0x80b43f	strings.Split+0x7f							C:/Go/src/strings/strings.go:308
#	0x80b40a	github.com/egorka-gh/pixlpark/transform.replaceRootPath+0x4a		D:/Egorka/Folders/go/src/github.com/egorka-gh/pixlpark/transform/util.go:23
#	0x7ffdf0	github.com/egorka-gh/pixlpark/transform.(*baseFactory).unzip+0x640	D:/Egorka/Folders/go/src/github.com/egorka-gh/pixlpark/transform/factory.go:643
#	0x7fbe28	github.com/egorka-gh/pixlpark/transform.(*baseFactory).run+0x78		D:/Egorka/Folders/go/src/github.com/egorka-gh/pixlpark/transform/factory.go:335

0: 0 [1: 112] @ 0x4ee329 0x4ed765 0x4ed77a 0x4ec090 0x7ffe9d 0x7fbe29 0x460cd1
#	0x4ee328	os.stat+0x6f8								C:/Go/src/os/stat_windows.go:88
#	0x4ed764	os.statNolog+0x74							C:/Go/src/os/stat_windows.go:124
#	0x4ed779	os.Stat+0x89								C:/Go/src/os/stat.go:13
#	0x4ec08f	os.MkdirAll+0x3f							C:/Go/src/os/path.go:20
#	0x7ffe9c	github.com/egorka-gh/pixlpark/transform.(*baseFactory).unzip+0x6ec	D:/Egorka/Folders/go/src/github.com/egorka-gh/pixlpark/transform/factory.go:651
#	0x7fbe28	github.com/egorka-gh/pixlpark/transform.(*baseFactory).run+0x78		D:/Egorka/Folders/go/src/github.com/egorka-gh/pixlpark/transform/factory.go:335

0: 0 [1: 224] @ 0x4739b1 0x476de0 0x4edcc6 0x4edc99 0x4ed765 0x4ed77a 0x4ec090 0x7ffe9d 0x7fbe29 0x460cd1
#	0x4739b0	unicode/utf16.Encode+0x70						C:/Go/src/unicode/utf16/utf16.go:64
#	0x476ddf	syscall.UTF16FromString+0x10f						C:/Go/src/syscall/syscall_windows.go:45
#	0x4edcc5	syscall.UTF16PtrFromString+0x95						C:/Go/src/syscall/syscall_windows.go:72
#	0x4edc98	os.stat+0x68								C:/Go/src/os/stat_windows.go:71
#	0x4ed764	os.statNolog+0x74							C:/Go/src/os/stat_windows.go:124
#	0x4ed779	os.Stat+0x89								C:/Go/src/os/stat.go:13
#	0x4ec08f	os.MkdirAll+0x3f							C:/Go/src/os/path.go:20
#	0x7ffe9c	github.com/egorka-gh/pixlpark/transform.(*baseFactory).unzip+0x6ec	D:/Egorka/Folders/go/src/github.com/egorka-gh/pixlpark/transform/factory.go:651
#	0x7fbe28	github.com/egorka-gh/pixlpark/transform.(*baseFactory).run+0x78		D:/Egorka/Folders/go/src/github.com/egorka-gh/pixlpark/transform/factory.go:335

0: 0 [1: 512] @ 0x472281 0x472155 0x471e06 0x4f2a58 0x4f304d 0x80910b 0x8013e1 0x7fbe29 0x460cd1
#	0x472280	sync.(*Pool).pinSlow+0x100							C:/Go/src/sync/pool.go:227
#	0x472154	sync.(*Pool).pin+0x64								C:/Go/src/sync/pool.go:206
#	0x471e05	sync.(*Pool).Get+0x35								C:/Go/src/sync/pool.go:128
#	0x4f2a57	fmt.newPrinter+0x37								C:/Go/src/fmt/print.go:137
#	0x4f304c	fmt.Sprintf+0x2c								C:/Go/src/fmt/print.go:218
#	0x80910a	github.com/egorka-gh/pixlpark/transform.(*baseFactory).transformAlias+0x6ea	D:/Egorka/Folders/go/src/github.com/egorka-gh/pixlpark/transform/toCycle.go:248
#	0x8013e0	github.com/egorka-gh/pixlpark/transform.(*baseFactory).transformItems+0x660	D:/Egorka/Folders/go/src/github.com/egorka-gh/pixlpark/transform/factory.go:757
#	0x7fbe28	github.com/egorka-gh/pixlpark/transform.(*baseFactory).run+0x78			D:/Egorka/Folders/go/src/github.com/egorka-gh/pixlpark/transform/factory.go:335

0: 0 [1: 768] @ 0x5dc778 0x5d0043 0x5d0925 0x5d4f87 0x60c65f 0x60a93e 0x608e52 0x607521 0x605ae2 0x6ec0a9 0x460cd1
#	0x5dc777	crypto/x509.ParseCertificate+0x37				C:/Go/src/crypto/x509/x509.go:1612
#	0x5d0042	crypto/x509.extractSimpleChain+0x1b2				C:/Go/src/crypto/x509/root_windows.go:73
#	0x5d0924	crypto/x509.(*Certificate).systemVerify+0x394			C:/Go/src/crypto/x509/root_windows.go:218
#	0x5d4f86	crypto/x509.(*Certificate).Verify+0x6c6				C:/Go/src/crypto/x509/verify.go:740
#	0x60c65e	crypto/tls.(*Conn).verifyServerCertificate+0x29e		C:/Go/src/crypto/tls/handshake_client.go:834
#	0x60a93d	crypto/tls.(*clientHandshakeState).doFullHandshake+0x171d	C:/Go/src/crypto/tls/handshake_client.go:454
#	0x608e51	crypto/tls.(*clientHandshakeState).handshake+0x401		C:/Go/src/crypto/tls/handshake_client.go:399
#	0x607520	crypto/tls.(*Conn).clientHandshake+0x2d0			C:/Go/src/crypto/tls/handshake_client.go:208
#	0x605ae1	crypto/tls.(*Conn).Handshake+0x131				C:/Go/src/crypto/tls/conn.go:1362
#	0x6ec0a8	net/http.(*persistConn).addTLS.func2+0x48			C:/Go/src/net/http/transport.go:1401

0: 0 [1: 256] @ 0x6bbd09 0x7e4966 0x7e4908 0x91ec3c 0x7e5783 0x7fcca6 0x7fc051 0x7fbe29 0x7faf28 0x80635f 0x805c08 0x804fac 0x460cd1
#	0x6bbd08	net/http.NewRequestWithContext+0x178						C:/Go/src/net/http/request.go:870
#	0x7e4965	net/http.NewRequest+0x125							C:/Go/src/net/http/request.go:813
#	0x7e4907	github.com/go-kit/kit/transport/http.Client.Endpoint.func1+0xc7			D:/Egorka/Folders/go/src/github.com/go-kit/kit/transport/http/client.go:114
#	0x91ec3b	main.loggingMiddlware.func1.1+0x1bb						D:/Egorka/Folders/go/src/github.com/egorka-gh/pixlpark/cmd/monolit/options.go:74
#	0x7e5782	github.com/egorka-gh/pixlpark/pixlpark/service.Endpoints.CountOrders+0x92	D:/Egorka/Folders/go/src/github.com/egorka-gh/pixlpark/pixlpark/service/endpoint.go:78
#	0x7fcca5	github.com/egorka-gh/pixlpark/transform.(*baseFactory).queuePop+0x465		D:/Egorka/Folders/go/src/github.com/egorka-gh/pixlpark/transform/factory.go:413
#	0x7fc050	github.com/egorka-gh/pixlpark/transform.(*baseFactory).fetchToLoad+0x140	D:/Egorka/Folders/go/src/github.com/egorka-gh/pixlpark/transform/factory.go:354
#	0x7fbe28	github.com/egorka-gh/pixlpark/transform.(*baseFactory).run+0x78			D:/Egorka/Folders/go/src/github.com/egorka-gh/pixlpark/transform/factory.go:335
#	0x7faf27	github.com/egorka-gh/pixlpark/transform.(*baseFactory).SoftErrorRestart+0x2e7	D:/Egorka/Folders/go/src/github.com/egorka-gh/pixlpark/transform/factory.go:232
#	0x80635e	github.com/egorka-gh/pixlpark/transform.(*Manager).runQueue+0xde		D:/Egorka/Folders/go/src/github.com/egorka-gh/pixlpark/transform/manager.go:284
#	0x805c07	github.com/egorka-gh/pixlpark/transform.(*Manager).doWork+0x3a7			D:/Egorka/Folders/go/src/github.com/egorka-gh/pixlpark/transform/manager.go:250
#	0x804fab	github.com/egorka-gh/pixlpark/transform.(*Manager).machine+0x18b		D:/Egorka/Folders/go/src/github.com/egorka-gh/pixlpark/transform/manager.go:90

0: 0 [1: 128] @ 0x44ad96 0x44a7f5 0x44aa7e 0x476d9c 0x4eae28 0x4eadf9 0x4ecfc4 0x4ec43c 0x4ed4d4 0x4ec43c 0x4ed4d4 0x4ec43c 0x8034ad 0x801ef5 0x7fbe29 0x460cd1
#	0x476d9b	syscall.UTF16FromString+0xcb							C:/Go/src/syscall/syscall_windows.go:45
#	0x4eae27	syscall.UTF16PtrFromString+0x57							C:/Go/src/syscall/syscall_windows.go:72
#	0x4eadf8	os.Remove+0x28									C:/Go/src/os/file_windows.go:271
#	0x4ecfc3	os.removeAll+0x193								C:/Go/src/os/removeall_noat.go:29
#	0x4ec43b	os.RemoveAll+0x3b								C:/Go/src/os/path.go:70
#	0x4ed4d3	os.removeAll+0x6a3								C:/Go/src/os/removeall_noat.go:68
#	0x4ec43b	os.RemoveAll+0x3b								C:/Go/src/os/path.go:70
#	0x4ed4d3	os.removeAll+0x6a3								C:/Go/src/os/removeall_noat.go:68
#	0x4ec43b	os.RemoveAll+0x3b								C:/Go/src/os/path.go:70
#	0x8034ac	github.com/egorka-gh/pixlpark/transform.(*baseFactory).finish+0x3ec		D:/Egorka/Folders/go/src/github.com/egorka-gh/pixlpark/transform/factory.go:945
#	0x801ef4	github.com/egorka-gh/pixlpark/transform.(*baseFactory).transformItems+0x1174	D:/Egorka/Folders/go/src/github.com/egorka-gh/pixlpark/transform/factory.go:820
#	0x7fbe28	github.com/egorka-gh/pixlpark/transform.(*baseFactory).run+0x78			D:/Egorka/Folders/go/src/github.com/egorka-gh/pixlpark/transform/factory.go:335

0: 0 [1: 448] @ 0x44b027 0x476dbe 0x4eae28 0x4eadf9 0x4ed241 0x4ec43c 0x4ed4d4 0x4ec43c 0x4ed4d4 0x4ec43c 0x8034ad 0x801ef5 0x7fbe29 0x460cd1
#	0x476dbd	syscall.UTF16FromString+0xed							C:/Go/src/syscall/syscall_windows.go:45
#	0x4eae27	syscall.UTF16PtrFromString+0x57							C:/Go/src/syscall/syscall_windows.go:72
#	0x4eadf8	os.Remove+0x28									C:/Go/src/os/file_windows.go:271
#	0x4ed240	os.removeAll+0x410								C:/Go/src/os/removeall_noat.go:107
#	0x4ec43b	os.RemoveAll+0x3b								C:/Go/src/os/path.go:70
#	0x4ed4d3	os.removeAll+0x6a3								C:/Go/src/os/removeall_noat.go:68
#	0x4ec43b	os.RemoveAll+0x3b								C:/Go/src/os/path.go:70
#	0x4ed4d3	os.removeAll+0x6a3								C:/Go/src/os/removeall_noat.go:68
#	0x4ec43b	os.RemoveAll+0x3b								C:/Go/src/os/path.go:70
#	0x8034ac	github.com/egorka-gh/pixlpark/transform.(*baseFactory).finish+0x3ec		D:/Egorka/Folders/go/src/github.com/egorka-gh/pixlpark/transform/factory.go:945
#	0x801ef4	github.com/egorka-gh/pixlpark/transform.(*baseFactory).transformItems+0x1174	D:/Egorka/Folders/go/src/github.com/egorka-gh/pixlpark/transform/factory.go:820
#	0x7fbe28	github.com/egorka-gh/pixlpark/transform.(*baseFactory).run+0x78			D:/Egorka/Folders/go/src/github.com/egorka-gh/pixlpark/transform/factory.go:335

0: 0 [1: 16384] @ 0x4e5add 0x4e62f1 0x4e61b9 0x4ed566 0x4ed145 0x4ec43c 0x8034ad 0x801ef5 0x7fbe29 0x460cd1
#	0x4e5adc	os.(*File).readdir+0x9c								C:/Go/src/os/dir_windows.go:26
#	0x4e62f0	os.(*File).Readdir+0x160							C:/Go/src/os/dir.go:26
#	0x4e61b8	os.(*File).readdirnames+0x28							C:/Go/src/os/dir_windows.go:63
#	0x4ed565	os.(*File).Readdirnames+0x735							C:/Go/src/os/dir.go:48
#	0x4ed144	os.removeAll+0x314								C:/Go/src/os/removeall_noat.go:65
#	0x4ec43b	os.RemoveAll+0x3b								C:/Go/src/os/path.go:70
#	0x8034ac	github.com/egorka-gh/pixlpark/transform.(*baseFactory).finish+0x3ec		D:/Egorka/Folders/go/src/github.com/egorka-gh/pixlpark/transform/factory.go:945
#	0x801ef4	github.com/egorka-gh/pixlpark/transform.(*baseFactory).transformItems+0x1174	D:/Egorka/Folders/go/src/github.com/egorka-gh/pixlpark/transform/factory.go:820
#	0x7fbe28	github.com/egorka-gh/pixlpark/transform.(*baseFactory).run+0x78			D:/Egorka/Folders/go/src/github.com/egorka-gh/pixlpark/transform/factory.go:335

0: 0 [1: 112] @ 0x44ad96 0x44a7f5 0x44aa7e 0x5f5d8f 0x7ffe7d 0x7fbe29 0x460cd1
#	0x5f5d8e	path/filepath.Dir+0xfe							C:/Go/src/path/filepath/path.go:474
#	0x7ffe7c	github.com/egorka-gh/pixlpark/transform.(*baseFactory).unzip+0x6cc	D:/Egorka/Folders/go/src/github.com/egorka-gh/pixlpark/transform/factory.go:651
#	0x7fbe28	github.com/egorka-gh/pixlpark/transform.(*baseFactory).run+0x78		D:/Egorka/Folders/go/src/github.com/egorka-gh/pixlpark/transform/factory.go:335

0: 0 [1: 48] @ 0x5f5592 0x5f5621 0x80b400 0x7ffdf1 0x7fbe29 0x460cd1
#	0x5f5591	path/filepath.(*lazybuf).string+0x9e1					C:/Go/src/path/filepath/path.go:57
#	0x5f5620	path/filepath.Clean+0xa70						C:/Go/src/path/filepath/path.go:159
#	0x80b3ff	github.com/egorka-gh/pixlpark/transform.replaceRootPath+0x3f		D:/Egorka/Folders/go/src/github.com/egorka-gh/pixlpark/transform/util.go:22
#	0x7ffdf0	github.com/egorka-gh/pixlpark/transform.(*baseFactory).unzip+0x640	D:/Egorka/Folders/go/src/github.com/egorka-gh/pixlpark/transform/factory.go:643
#	0x7fbe28	github.com/egorka-gh/pixlpark/transform.(*baseFactory).run+0x78		D:/Egorka/Folders/go/src/github.com/egorka-gh/pixlpark/transform/factory.go:335

0: 0 [1: 64] @ 0x6e07c6 0x6e077e 0x6df053 0x460cd1
#	0x6e07c5	bufio.NewWriterSize+0xa95		C:/Go/src/bufio/bufio.go:563
#	0x6e077d	net/http.(*Transport).dialConn+0xa4d	C:/Go/src/net/http/transport.go:1564
#	0x6df052	net/http.(*Transport).dialConnFor+0xe2	C:/Go/src/net/http/transport.go:1300

0: 0 [3: 49152] @ 0x4e5add 0x4e62f1 0x4e61b9 0x4ed566 0x4ed145 0x4ec43c 0x4ed4d4 0x4ec43c 0x4ed4d4 0x4ec43c 0x4ed4d4 0x4ec43c 0x8034ad 0x801ef5 0x7fbe29 0x460cd1
#	0x4e5adc	os.(*File).readdir+0x9c								C:/Go/src/os/dir_windows.go:26
#	0x4e62f0	os.(*File).Readdir+0x160							C:/Go/src/os/dir.go:26
#	0x4e61b8	os.(*File).readdirnames+0x28							C:/Go/src/os/dir_windows.go:63
#	0x4ed565	os.(*File).Readdirnames+0x735							C:/Go/src/os/dir.go:48
#	0x4ed144	os.removeAll+0x314								C:/Go/src/os/removeall_noat.go:65
#	0x4ec43b	os.RemoveAll+0x3b								C:/Go/src/os/path.go:70
#	0x4ed4d3	os.removeAll+0x6a3								C:/Go/src/os/removeall_noat.go:68
#	0x4ec43b	os.RemoveAll+0x3b								C:/Go/src/os/path.go:70
#	0x4ed4d3	os.removeAll+0x6a3								C:/Go/src/os/removeall_noat.go:68
#	0x4ec43b	os.RemoveAll+0x3b								C:/Go/src/os/path.go:70
#	0x4ed4d3	os.removeAll+0x6a3								C:/Go/src/os/removeall_noat.go:68
#	0x4ec43b	os.RemoveAll+0x3b								C:/Go/src/os/path.go:70
#	0x8034ac	github.com/egorka-gh/pixlpark/transform.(*baseFactory).finish+0x3ec		D:/Egorka/Folders/go/src/github.com/egorka-gh/pixlpark/transform/factory.go:945
#	0x801ef4	github.com/egorka-gh/pixlpark/transform.(*baseFactory).transformItems+0x1174	D:/Egorka/Folders/go/src/github.com/egorka-gh/pixlpark/transform/factory.go:820
#	0x7fbe28	github.com/egorka-gh/pixlpark/transform.(*baseFactory).run+0x78			D:/Egorka/Folders/go/src/github.com/egorka-gh/pixlpark/transform/factory.go:335

0: 0 [1: 320] @ 0x549dd1 0x549dae 0x54999c 0x7bacef 0x801c36 0x7fbe29 0x460cd1
#	0x549dd0	strings.(*Builder).grow+0x4d0								C:/Go/src/strings/builder.go:67
#	0x549dad	strings.(*Builder).Grow+0x4ad								C:/Go/src/strings/builder.go:81
#	0x54999b	strings.Join+0x9b									C:/Go/src/strings/strings.go:438
#	0x7bacee	github.com/egorka-gh/pixlpark/photocycle/repo.(*basicRepository).FillOrders+0x11be	D:/Egorka/Folders/go/src/github.com/egorka-gh/pixlpark/photocycle/repo/repository.go:93
#	0x801c35	github.com/egorka-gh/pixlpark/transform.(*baseFactory).transformItems+0xeb5		D:/Egorka/Folders/go/src/github.com/egorka-gh/pixlpark/transform/factory.go:811
#	0x7fbe28	github.com/egorka-gh/pixlpark/transform.(*baseFactory).run+0x78				D:/Egorka/Folders/go/src/github.com/egorka-gh/pixlpark/transform/factory.go:335

0: 0 [1: 384] @ 0x44b027 0x476dbe 0x4edcc6 0x4edc99 0x4ed765 0x4ed77a 0x80b742 0x80af68 0x807b65 0x8025a3 0x7fbe29 0x460cd1
#	0x476dbd	syscall.UTF16FromString+0xed							C:/Go/src/syscall/syscall_windows.go:45
#	0x4edcc5	syscall.UTF16PtrFromString+0x95							C:/Go/src/syscall/syscall_windows.go:72
#	0x4edc98	os.stat+0x68									C:/Go/src/os/stat_windows.go:71
#	0x4ed764	os.statNolog+0x74								C:/Go/src/os/stat_windows.go:124
#	0x4ed779	os.Stat+0x89									C:/Go/src/os/stat.go:13
#	0x80b741	github.com/egorka-gh/pixlpark/transform.copyFile+0x61				D:/Egorka/Folders/go/src/github.com/egorka-gh/pixlpark/transform/util.go:58
#	0x80af67	github.com/egorka-gh/pixlpark/transform.listCopy+0x2a7				D:/Egorka/Folders/go/src/github.com/egorka-gh/pixlpark/transform/toCycle.go:414
#	0x807b64	github.com/egorka-gh/pixlpark/transform.(*baseFactory).transformPhoto+0x1464	D:/Egorka/Folders/go/src/github.com/egorka-gh/pixlpark/transform/toCycle.go:148
#	0x8025a2	github.com/egorka-gh/pixlpark/transform.(*baseFactory).transformItems+0x1822	D:/Egorka/Folders/go/src/github.com/egorka-gh/pixlpark/transform/factory.go:762
#	0x7fbe28	github.com/egorka-gh/pixlpark/transform.(*baseFactory).run+0x78			D:/Egorka/Folders/go/src/github.com/egorka-gh/pixlpark/transform/factory.go:335

0: 0 [1: 144] @ 0x44ad96 0x44a7f5 0x44aa7e 0x476d9c 0x477479 0x47763e 0x4ea194 0x4ea891 0x4e890a 0x7fff47 0x7fbe29 0x460cd1
#	0x476d9b	syscall.UTF16FromString+0xcb						C:/Go/src/syscall/syscall_windows.go:45
#	0x477478	syscall.UTF16PtrFromString+0x48						C:/Go/src/syscall/syscall_windows.go:72
#	0x47763d	syscall.Open+0x20d							C:/Go/src/syscall/syscall_windows.go:271
#	0x4ea193	os.openFile+0xa3							C:/Go/src/os/file_windows.go:102
#	0x4ea890	os.openFileNolog+0x140							C:/Go/src/os/file_windows.go:163
#	0x4e8909	os.OpenFile+0x69							C:/Go/src/os/file.go:300
#	0x7fff46	github.com/egorka-gh/pixlpark/transform.(*baseFactory).unzip+0x796	D:/Egorka/Folders/go/src/github.com/egorka-gh/pixlpark/transform/factory.go:672
#	0x7fbe28	github.com/egorka-gh/pixlpark/transform.(*baseFactory).run+0x78		D:/Egorka/Folders/go/src/github.com/egorka-gh/pixlpark/transform/factory.go:335

0: 0 [3: 480] @ 0x65f17b 0x7f2097 0x7eeea2 0x7ffec1 0x7fbe29 0x460cd1
#	0x65f17a	compress/flate.NewReader+0xea						C:/Go/src/compress/flate/inflate.go:802
#	0x7f2096	archive/zip.newFlateReader+0x146					C:/Go/src/archive/zip/register.go:74
#	0x7eeea1	archive/zip.(*File).Open+0x141						C:/Go/src/archive/zip/reader.go:171
#	0x7ffec0	github.com/egorka-gh/pixlpark/transform.(*baseFactory).unzip+0x710	D:/Egorka/Folders/go/src/github.com/egorka-gh/pixlpark/transform/factory.go:660
#	0x7fbe28	github.com/egorka-gh/pixlpark/transform.(*baseFactory).run+0x78		D:/Egorka/Folders/go/src/github.com/egorka-gh/pixlpark/transform/factory.go:335

0: 0 [1: 13568] @ 0x53641e 0x535d52 0x602b9b 0x602b6d 0x6015cb 0x605418 0x605423 0x643841 0x483c2e 0x68cbae 0x68cb61 0x68d418 0x6adf85 0x6ad6da 0x460cd1
#	0x53641d	bytes.makeSlice+0x7d				C:/Go/src/bytes/buffer.go:229
#	0x535d51	bytes.(*Buffer).grow+0x161			C:/Go/src/bytes/buffer.go:142
#	0x602b9a	bytes.(*Buffer).Grow+0x7a			C:/Go/src/bytes/buffer.go:161
#	0x602b6c	crypto/tls.(*Conn).readFromUntil+0x4c		C:/Go/src/crypto/tls/conn.go:801
#	0x6015ca	crypto/tls.(*Conn).readRecordOrCCS+0x58a	C:/Go/src/crypto/tls/conn.go:654
#	0x605417	crypto/tls.(*Conn).readRecord+0x167		C:/Go/src/crypto/tls/conn.go:577
#	0x605422	crypto/tls.(*Conn).Read+0x172			C:/Go/src/crypto/tls/conn.go:1255
#	0x643840	bufio.(*Reader).Read+0x270			C:/Go/src/bufio/bufio.go:226
#	0x483c2d	io.ReadAtLeast+0x8d				C:/Go/src/io/io.go:310
#	0x68cbad	io.ReadFull+0x8d				C:/Go/src/io/io.go:329
#	0x68cb60	net/http.http2readFrameHeader+0x40		C:/Go/src/net/http/h2_bundle.go:1477
#	0x68d417	net/http.(*http2Framer).ReadFrame+0xa7		C:/Go/src/net/http/h2_bundle.go:1735
#	0x6adf84	net/http.(*http2clientConnReadLoop).run+0x94	C:/Go/src/net/http/h2_bundle.go:8175
#	0x6ad6d9	net/http.(*http2ClientConn).readLoop+0xa9	C:/Go/src/net/http/h2_bundle.go:8103

0: 0 [4: 65536] @ 0x4e5add 0x4e62f1 0x4e61b9 0x4ed566 0x4ed145 0x4ec43c 0x4ed4d4 0x4ec43c 0x4ed4d4 0x4ec43c 0x8034ad 0x801ef5 0x7fbe29 0x460cd1
#	0x4e5adc	os.(*File).readdir+0x9c								C:/Go/src/os/dir_windows.go:26
#	0x4e62f0	os.(*File).Readdir+0x160							C:/Go/src/os/dir.go:26
#	0x4e61b8	os.(*File).readdirnames+0x28							C:/Go/src/os/dir_windows.go:63
#	0x4ed565	os.(*File).Readdirnames+0x735							C:/Go/src/os/dir.go:48
#	0x4ed144	os.removeAll+0x314								C:/Go/src/os/removeall_noat.go:65
#	0x4ec43b	os.RemoveAll+0x3b								C:/Go/src/os/path.go:70
#	0x4ed4d3	os.removeAll+0x6a3								C:/Go/src/os/removeall_noat.go:68
#	0x4ec43b	os.RemoveAll+0x3b								C:/Go/src/os/path.go:70
#	0x4ed4d3	os.removeAll+0x6a3								C:/Go/src/os/removeall_noat.go:68
#	0x4ec43b	os.RemoveAll+0x3b								C:/Go/src/os/path.go:70
#	0x8034ac	github.com/egorka-gh/pixlpark/transform.(*baseFactory).finish+0x3ec		D:/Egorka/Folders/go/src/github.com/egorka-gh/pixlpark/transform/factory.go:945
#	0x801ef4	github.com/egorka-gh/pixlpark/transform.(*baseFactory).transformItems+0x1174	D:/Egorka/Folders/go/src/github.com/egorka-gh/pixlpark/transform/factory.go:820
#	0x7fbe28	github.com/egorka-gh/pixlpark/transform.(*baseFactory).run+0x78			D:/Egorka/Folders/go/src/github.com/egorka-gh/pixlpark/transform/factory.go:335

0: 0 [3: 49152] @ 0x4e5add 0x4e62f1 0x4e61b9 0x4ed566 0x4ed145 0x4ec43c 0x4ed4d4 0x4ec43c 0x8034ad 0x801ef5 0x7fbe29 0x460cd1
#	0x4e5adc	os.(*File).readdir+0x9c								C:/Go/src/os/dir_windows.go:26
#	0x4e62f0	os.(*File).Readdir+0x160							C:/Go/src/os/dir.go:26
#	0x4e61b8	os.(*File).readdirnames+0x28							C:/Go/src/os/dir_windows.go:63
#	0x4ed565	os.(*File).Readdirnames+0x735							C:/Go/src/os/dir.go:48
#	0x4ed144	os.removeAll+0x314								C:/Go/src/os/removeall_noat.go:65
#	0x4ec43b	os.RemoveAll+0x3b								C:/Go/src/os/path.go:70
#	0x4ed4d3	os.removeAll+0x6a3								C:/Go/src/os/removeall_noat.go:68
#	0x4ec43b	os.RemoveAll+0x3b								C:/Go/src/os/path.go:70
#	0x8034ac	github.com/egorka-gh/pixlpark/transform.(*baseFactory).finish+0x3ec		D:/Egorka/Folders/go/src/github.com/egorka-gh/pixlpark/transform/factory.go:945
#	0x801ef4	github.com/egorka-gh/pixlpark/transform.(*baseFactory).transformItems+0x1174	D:/Egorka/Folders/go/src/github.com/egorka-gh/pixlpark/transform/factory.go:820
#	0x7fbe28	github.com/egorka-gh/pixlpark/transform.(*baseFactory).run+0x78			D:/Egorka/Folders/go/src/github.com/egorka-gh/pixlpark/transform/factory.go:335

0: 0 [1: 288] @ 0x41407a 0x7eb8a9 0x809efa 0x80238d 0x7fbe29 0x460cd1
#	0x7eb8a8	github.com/egorka-gh/pixlpark/pixlpark/service.OrderItem.Sku+0x238		D:/Egorka/Folders/go/src/github.com/egorka-gh/pixlpark/pixlpark/service/service.go:165
#	0x809ef9	github.com/egorka-gh/pixlpark/transform.buildExtraInfo+0x99			D:/Egorka/Folders/go/src/github.com/egorka-gh/pixlpark/transform/toCycle.go:311
#	0x80238c	github.com/egorka-gh/pixlpark/transform.(*baseFactory).transformItems+0x160c	D:/Egorka/Folders/go/src/github.com/egorka-gh/pixlpark/transform/factory.go:788
#	0x7fbe28	github.com/egorka-gh/pixlpark/transform.(*baseFactory).run+0x78			D:/Egorka/Folders/go/src/github.com/egorka-gh/pixlpark/transform/factory.go:335

0: 0 [36: 1179648] @ 0x484250 0x80b931 0x80b93c 0x80af68 0x807b65 0x8025a3 0x7fbe29 0x460cd1
#	0x48424f	io.copyBuffer+0x2af								C:/Go/src/io/io.go:399
#	0x80b930	io.Copy+0x250									C:/Go/src/io/io.go:364
#	0x80b93b	github.com/egorka-gh/pixlpark/transform.copyFile+0x25b				D:/Egorka/Folders/go/src/github.com/egorka-gh/pixlpark/transform/util.go:85
#	0x80af67	github.com/egorka-gh/pixlpark/transform.listCopy+0x2a7				D:/Egorka/Folders/go/src/github.com/egorka-gh/pixlpark/transform/toCycle.go:414
#	0x807b64	github.com/egorka-gh/pixlpark/transform.(*baseFactory).transformPhoto+0x1464	D:/Egorka/Folders/go/src/github.com/egorka-gh/pixlpark/transform/toCycle.go:148
#	0x8025a2	github.com/egorka-gh/pixlpark/transform.(*baseFactory).transformItems+0x1822	D:/Egorka/Folders/go/src/github.com/egorka-gh/pixlpark/transform/factory.go:762
#	0x7fbe28	github.com/egorka-gh/pixlpark/transform.(*baseFactory).run+0x78			D:/Egorka/Folders/go/src/github.com/egorka-gh/pixlpark/transform/factory.go:335

0: 0 [1: 640] @ 0x4e9ec2 0x4ea1f7 0x4ea891 0x4e890a 0x80b7c4 0x80b7d4 0x80af68 0x807b65 0x8025a3 0x7fbe29 0x460cd1
#	0x4e9ec1	os.newFile+0x81									C:/Go/src/os/file_windows.go:57
#	0x4ea1f6	os.openFile+0x106								C:/Go/src/os/file_windows.go:106
#	0x4ea890	os.openFileNolog+0x140								C:/Go/src/os/file_windows.go:163
#	0x4e8909	os.OpenFile+0x69								C:/Go/src/os/file.go:300
#	0x80b7c3	os.Open+0xe3									C:/Go/src/os/file.go:280
#	0x80b7d3	github.com/egorka-gh/pixlpark/transform.copyFile+0xf3				D:/Egorka/Folders/go/src/github.com/egorka-gh/pixlpark/transform/util.go:68
#	0x80af67	github.com/egorka-gh/pixlpark/transform.listCopy+0x2a7				D:/Egorka/Folders/go/src/github.com/egorka-gh/pixlpark/transform/toCycle.go:414
#	0x807b64	github.com/egorka-gh/pixlpark/transform.(*baseFactory).transformPhoto+0x1464	D:/Egorka/Folders/go/src/github.com/egorka-gh/pixlpark/transform/toCycle.go:148
#	0x8025a2	github.com/egorka-gh/pixlpark/transform.(*baseFactory).transformItems+0x1822	D:/Egorka/Folders/go/src/github.com/egorka-gh/pixlpark/transform/factory.go:762
#	0x7fbe28	github.com/egorka-gh/pixlpark/transform.(*baseFactory).run+0x78			D:/Egorka/Folders/go/src/github.com/egorka-gh/pixlpark/transform/factory.go:335

0: 0 [1: 288] @ 0x4739b1 0x476de0 0x4edcc6 0x4edc99 0x4ed765 0x4ed77a 0x80b742 0x80af68 0x809572 0x8013e1 0x7fbe29 0x460cd1
#	0x4739b0	unicode/utf16.Encode+0x70							C:/Go/src/unicode/utf16/utf16.go:64
#	0x476ddf	syscall.UTF16FromString+0x10f							C:/Go/src/syscall/syscall_windows.go:45
#	0x4edcc5	syscall.UTF16PtrFromString+0x95							C:/Go/src/syscall/syscall_windows.go:72
#	0x4edc98	os.stat+0x68									C:/Go/src/os/stat_windows.go:71
#	0x4ed764	os.statNolog+0x74								C:/Go/src/os/stat_windows.go:124
#	0x4ed779	os.Stat+0x89									C:/Go/src/os/stat.go:13
#	0x80b741	github.com/egorka-gh/pixlpark/transform.copyFile+0x61				D:/Egorka/Folders/go/src/github.com/egorka-gh/pixlpark/transform/util.go:58
#	0x80af67	github.com/egorka-gh/pixlpark/transform.listCopy+0x2a7				D:/Egorka/Folders/go/src/github.com/egorka-gh/pixlpark/transform/toCycle.go:414
#	0x809571	github.com/egorka-gh/pixlpark/transform.(*baseFactory).transformAlias+0xb51	D:/Egorka/Folders/go/src/github.com/egorka-gh/pixlpark/transform/toCycle.go:262
#	0x8013e0	github.com/egorka-gh/pixlpark/transform.(*baseFactory).transformItems+0x660	D:/Egorka/Folders/go/src/github.com/egorka-gh/pixlpark/transform/factory.go:757
#	0x7fbe28	github.com/egorka-gh/pixlpark/transform.(*baseFactory).run+0x78			D:/Egorka/Folders/go/src/github.com/egorka-gh/pixlpark/transform/factory.go:335

0: 0 [2: 65536] @ 0x65f2d0 0x65f32f 0x6618d1 0x660fdb 0x660e4f 0x6e6c34 0x7c8afc 0x685b53 0x73b9c2 0x73b753 0x73b220 0x7e94a2 0x7e4d0c 0x91ec3c 0x7e60c0 0x800f59 0x7fbe29 0x460cd1
#	0x65f2cf	compress/flate.(*dictDecoder).init+0x23f						C:/Go/src/compress/flate/dict_decoder.go:43
#	0x65f32e	compress/flate.NewReader+0x29e								C:/Go/src/compress/flate/inflate.go:804
#	0x6618d0	compress/gzip.(*Reader).readHeader+0x2f0						C:/Go/src/compress/gzip/gunzip.go:238
#	0x660fda	compress/gzip.(*Reader).Reset+0x12a							C:/Go/src/compress/gzip/gunzip.go:113
#	0x660e4e	compress/gzip.NewReader+0x5e								C:/Go/src/compress/gzip/gunzip.go:94
#	0x6e6c33	net/http.(*gzipReader).Read+0x1a3							C:/Go/src/net/http/transport.go:2615
#	0x7c8afb	github.com/egorka-gh/pixlpark/pixlpark/oauth.(*onEOFReader).Read+0x5b			D:/Egorka/Folders/go/src/github.com/egorka-gh/pixlpark/pixlpark/oauth/transport.go:147
#	0x685b52	net/http.(*cancelTimerBody).Read+0x62							C:/Go/src/net/http/client.go:863
#	0x73b9c1	encoding/json.(*Decoder).refill+0xf1							C:/Go/src/encoding/json/stream.go:161
#	0x73b752	encoding/json.(*Decoder).readValue+0x1e2						C:/Go/src/encoding/json/stream.go:136
#	0x73b21f	encoding/json.(*Decoder).Decode+0x7f							C:/Go/src/encoding/json/stream.go:63
#	0x7e94a1	github.com/egorka-gh/pixlpark/pixlpark/service.decodeGetOrderItemsResponse+0x441	D:/Egorka/Folders/go/src/github.com/egorka-gh/pixlpark/pixlpark/service/http.go:177
#	0x7e4d0b	github.com/go-kit/kit/transport/http.Client.Endpoint.func1+0x4cb			D:/Egorka/Folders/go/src/github.com/go-kit/kit/transport/http/client.go:149
#	0x91ec3b	main.loggingMiddlware.func1.1+0x1bb							D:/Egorka/Folders/go/src/github.com/egorka-gh/pixlpark/cmd/monolit/options.go:74
#	0x7e60bf	github.com/egorka-gh/pixlpark/pixlpark/service.Endpoints.GetOrderItems+0x8f		D:/Egorka/Folders/go/src/github.com/egorka-gh/pixlpark/pixlpark/service/endpoint.go:168
#	0x800f58	github.com/egorka-gh/pixlpark/transform.(*baseFactory).transformItems+0x1d8		D:/Egorka/Folders/go/src/github.com/egorka-gh/pixlpark/transform/factory.go:722
#	0x7fbe28	github.com/egorka-gh/pixlpark/transform.(*baseFactory).run+0x78				D:/Egorka/Folders/go/src/github.com/egorka-gh/pixlpark/transform/factory.go:335

0: 0 [3: 768] @ 0x4739b1 0x476de0 0x477479 0x47763e 0x4ea194 0x4ea891 0x4e890a 0x7fff47 0x7fbe29 0x460cd1
#	0x4739b0	unicode/utf16.Encode+0x70						C:/Go/src/unicode/utf16/utf16.go:64
#	0x476ddf	syscall.UTF16FromString+0x10f						C:/Go/src/syscall/syscall_windows.go:45
#	0x477478	syscall.UTF16PtrFromString+0x48						C:/Go/src/syscall/syscall_windows.go:72
#	0x47763d	syscall.Open+0x20d							C:/Go/src/syscall/syscall_windows.go:271
#	0x4ea193	os.openFile+0xa3							C:/Go/src/os/file_windows.go:102
#	0x4ea890	os.openFileNolog+0x140							C:/Go/src/os/file_windows.go:163
#	0x4e8909	os.OpenFile+0x69							C:/Go/src/os/file.go:300
#	0x7fff46	github.com/egorka-gh/pixlpark/transform.(*baseFactory).unzip+0x796	D:/Egorka/Folders/go/src/github.com/egorka-gh/pixlpark/transform/factory.go:672
#	0x7fbe28	github.com/egorka-gh/pixlpark/transform.(*baseFactory).run+0x78		D:/Egorka/Folders/go/src/github.com/egorka-gh/pixlpark/transform/factory.go:335

0: 0 [1: 144] @ 0x5f53be 0x5f51f5 0x5f64d4 0x5f6309 0x80b481 0x80b48c 0x7ffdf1 0x7fbe29 0x460cd1
#	0x5f53bd	path/filepath.(*lazybuf).append+0x80d					C:/Go/src/path/filepath/path.go:46
#	0x5f51f4	path/filepath.Clean+0x644						C:/Go/src/path/filepath/path.go:145
#	0x5f64d3	path/filepath.joinNonEmpty+0x193					C:/Go/src/path/filepath/path_windows.go:175
#	0x5f6308	path/filepath.join+0x98							C:/Go/src/path/filepath/path_windows.go:152
#	0x80b480	path/filepath.Join+0xc0							C:/Go/src/path/filepath/path.go:210
#	0x80b48b	github.com/egorka-gh/pixlpark/transform.replaceRootPath+0xcb		D:/Egorka/Folders/go/src/github.com/egorka-gh/pixlpark/transform/util.go:28
#	0x7ffdf0	github.com/egorka-gh/pixlpark/transform.(*baseFactory).unzip+0x640	D:/Egorka/Folders/go/src/github.com/egorka-gh/pixlpark/transform/factory.go:643
#	0x7fbe28	github.com/egorka-gh/pixlpark/transform.(*baseFactory).run+0x78		D:/Egorka/Folders/go/src/github.com/egorka-gh/pixlpark/transform/factory.go:335

0: 0 [1: 288] @ 0x4739b1 0x476de0 0x477479 0x47763e 0x4ea194 0x4ea891 0x4e890a 0x80b7c4 0x80b7d4 0x80af68 0x809572 0x8013e1 0x7fbe29 0x460cd1
#	0x4739b0	unicode/utf16.Encode+0x70							C:/Go/src/unicode/utf16/utf16.go:64
#	0x476ddf	syscall.UTF16FromString+0x10f							C:/Go/src/syscall/syscall_windows.go:45
#	0x477478	syscall.UTF16PtrFromString+0x48							C:/Go/src/syscall/syscall_windows.go:72
#	0x47763d	syscall.Open+0x20d								C:/Go/src/syscall/syscall_windows.go:271
#	0x4ea193	os.openFile+0xa3								C:/Go/src/os/file_windows.go:102
#	0x4ea890	os.openFileNolog+0x140								C:/Go/src/os/file_windows.go:163
#	0x4e8909	os.OpenFile+0x69								C:/Go/src/os/file.go:300
#	0x80b7c3	os.Open+0xe3									C:/Go/src/os/file.go:280
#	0x80b7d3	github.com/egorka-gh/pixlpark/transform.copyFile+0xf3				D:/Egorka/Folders/go/src/github.com/egorka-gh/pixlpark/transform/util.go:68
#	0x80af67	github.com/egorka-gh/pixlpark/transform.listCopy+0x2a7				D:/Egorka/Folders/go/src/github.com/egorka-gh/pixlpark/transform/toCycle.go:414
#	0x809571	github.com/egorka-gh/pixlpark/transform.(*baseFactory).transformAlias+0xb51	D:/Egorka/Folders/go/src/github.com/egorka-gh/pixlpark/transform/toCycle.go:262
#	0x8013e0	github.com/egorka-gh/pixlpark/transform.(*baseFactory).transformItems+0x660	D:/Egorka/Folders/go/src/github.com/egorka-gh/pixlpark/transform/factory.go:757
#	0x7fbe28	github.com/egorka-gh/pixlpark/transform.(*baseFactory).run+0x78			D:/Egorka/Folders/go/src/github.com/egorka-gh/pixlpark/transform/factory.go:335

0: 0 [1: 112] @ 0x7efcab 0x7ee6ac 0x7ee272 0x7ffa32 0x7fbe29 0x460cd1
#	0x7efcaa	archive/zip.readDirectoryHeader+0x5fa					C:/Go/src/archive/zip/reader.go:279
#	0x7ee6ab	archive/zip.(*Reader).init+0x35b					C:/Go/src/archive/zip/reader.go:105
#	0x7ee271	archive/zip.OpenReader+0x151						C:/Go/src/archive/zip/reader.go:61
#	0x7ffa31	github.com/egorka-gh/pixlpark/transform.(*baseFactory).unzip+0x281	D:/Egorka/Folders/go/src/github.com/egorka-gh/pixlpark/transform/factory.go:611
#	0x7fbe28	github.com/egorka-gh/pixlpark/transform.(*baseFactory).run+0x78		D:/Egorka/Folders/go/src/github.com/egorka-gh/pixlpark/transform/factory.go:335

0: 0 [5: 163840] @ 0x797988 0x7988fd 0x79b2ca 0x80ab4d 0x80ab09 0x80aaf9 0x808e82 0x8013e1 0x7fbe29 0x460cd1
#	0x797987	regexp.(*bitState).reset+0x207							C:/Go/src/regexp/backtrack.go:91
#	0x7988fc	regexp.(*Regexp).backtrack+0x11c						C:/Go/src/regexp/backtrack.go:319
#	0x79b2c9	regexp.(*Regexp).doExecute+0x459						C:/Go/src/regexp/exec.go:535
#	0x80ab4c	regexp.(*Regexp).doMatch+0x1bc							C:/Go/src/regexp/exec.go:514
#	0x80ab08	regexp.(*Regexp).MatchString+0x178						C:/Go/src/regexp/regexp.go:507
#	0x80aaf8	github.com/egorka-gh/pixlpark/transform.listIndexSheets+0x168			D:/Egorka/Folders/go/src/github.com/egorka-gh/pixlpark/transform/toCycle.go:372
#	0x808e81	github.com/egorka-gh/pixlpark/transform.(*baseFactory).transformAlias+0x461	D:/Egorka/Folders/go/src/github.com/egorka-gh/pixlpark/transform/toCycle.go:201
#	0x8013e0	github.com/egorka-gh/pixlpark/transform.(*baseFactory).transformItems+0x660	D:/Egorka/Folders/go/src/github.com/egorka-gh/pixlpark/transform/factory.go:757
#	0x7fbe28	github.com/egorka-gh/pixlpark/transform.(*baseFactory).run+0x78			D:/Egorka/Folders/go/src/github.com/egorka-gh/pixlpark/transform/factory.go:335

0: 0 [1: 1280] @ 0x4f064a 0x4f0592 0x4f14a8 0x4f49b8 0x4f9229 0x4f755d 0x4f8b8c 0x4f755d 0x4f8b8c 0x4f68db 0x4fa212 0x4f308d 0x91ed48 0x7e60c0 0x800f59 0x7fbe29 0x460cd1
#	0x4f0649	fmt.(*buffer).writeString+0xf9							C:/Go/src/fmt/print.go:82
#	0x4f0591	fmt.(*fmt).padString+0x41							C:/Go/src/fmt/format.go:110
#	0x4f14a7	fmt.(*fmt).fmtS+0x67								C:/Go/src/fmt/format.go:359
#	0x4f49b7	fmt.(*pp).fmtString+0x137							C:/Go/src/fmt/print.go:447
#	0x4f9228	fmt.(*pp).printValue+0x21e8							C:/Go/src/fmt/print.go:761
#	0x4f755c	fmt.(*pp).printValue+0x51c							C:/Go/src/fmt/print.go:869
#	0x4f8b8b	fmt.(*pp).printValue+0x1b4b							C:/Go/src/fmt/print.go:810
#	0x4f755c	fmt.(*pp).printValue+0x51c							C:/Go/src/fmt/print.go:869
#	0x4f8b8b	fmt.(*pp).printValue+0x1b4b							C:/Go/src/fmt/print.go:810
#	0x4f68da	fmt.(*pp).printArg+0x2ba							C:/Go/src/fmt/print.go:716
#	0x4fa211	fmt.(*pp).doPrintf+0x161							C:/Go/src/fmt/print.go:1030
#	0x4f308c	fmt.Sprintf+0x6c								C:/Go/src/fmt/print.go:219
#	0x91ed47	main.loggingMiddlware.func1.1+0x2c7						D:/Egorka/Folders/go/src/github.com/egorka-gh/pixlpark/cmd/monolit/options.go:78
#	0x7e60bf	github.com/egorka-gh/pixlpark/pixlpark/service.Endpoints.GetOrderItems+0x8f	D:/Egorka/Folders/go/src/github.com/egorka-gh/pixlpark/pixlpark/service/endpoint.go:168
#	0x800f58	github.com/egorka-gh/pixlpark/transform.(*baseFactory).transformItems+0x1d8	D:/Egorka/Folders/go/src/github.com/egorka-gh/pixlpark/transform/factory.go:722
#	0x7fbe28	github.com/egorka-gh/pixlpark/transform.(*baseFactory).run+0x78			D:/Egorka/Folders/go/src/github.com/egorka-gh/pixlpark/transform/factory.go:335

0: 0 [35: 170240] @ 0x65f0db 0x7f2097 0x7eeea2 0x7ffec1 0x7fbe29 0x460cd1
#	0x65f0da	compress/flate.NewReader+0x4a						C:/Go/src/compress/flate/inflate.go:799
#	0x7f2096	archive/zip.newFlateReader+0x146					C:/Go/src/archive/zip/register.go:74
#	0x7eeea1	archive/zip.(*File).Open+0x141						C:/Go/src/archive/zip/reader.go:171
#	0x7ffec0	github.com/egorka-gh/pixlpark/transform.(*baseFactory).unzip+0x710	D:/Egorka/Folders/go/src/github.com/egorka-gh/pixlpark/transform/factory.go:660
#	0x7fbe28	github.com/egorka-gh/pixlpark/transform.(*baseFactory).run+0x78		D:/Egorka/Folders/go/src/github.com/egorka-gh/pixlpark/transform/factory.go:335

0: 0 [1: 32768] @ 0x7f6657 0x7f4ca3 0x7f4878 0x7ff0d2 0x7fbe29 0x460cd1
#	0x7f6656	github.com/cavaliercoder/grab.(*Client).openWriter+0xb6			D:/Egorka/Folders/go/src/github.com/cavaliercoder/grab/client.go:450
#	0x7f4ca2	github.com/cavaliercoder/grab.(*Client).run+0x72			D:/Egorka/Folders/go/src/github.com/cavaliercoder/grab/client.go:177
#	0x7f4877	github.com/cavaliercoder/grab.(*Client).Do+0x1b7			D:/Egorka/Folders/go/src/github.com/cavaliercoder/grab/client.go:86
#	0x7ff0d1	github.com/egorka-gh/pixlpark/transform.(*baseFactory).loadZIP+0x7a1	D:/Egorka/Folders/go/src/github.com/egorka-gh/pixlpark/transform/factory.go:582
#	0x7fbe28	github.com/egorka-gh/pixlpark/transform.(*baseFactory).run+0x78		D:/Egorka/Folders/go/src/github.com/egorka-gh/pixlpark/transform/factory.go:335

0: 0 [1: 3456] @ 0x603d3d 0x609275 0x608e52 0x607521 0x605ae2 0x6ec0a9 0x460cd1
#	0x603d3c	crypto/tls.(*Conn).readHandshake+0x25c			C:/Go/src/crypto/tls/conn.go:1067
#	0x609274	crypto/tls.(*clientHandshakeState).doFullHandshake+0x54	C:/Go/src/crypto/tls/handshake_client.go:440
#	0x608e51	crypto/tls.(*clientHandshakeState).handshake+0x401	C:/Go/src/crypto/tls/handshake_client.go:399
#	0x607520	crypto/tls.(*Conn).clientHandshake+0x2d0		C:/Go/src/crypto/tls/handshake_client.go:208
#	0x605ae1	crypto/tls.(*Conn).Handshake+0x131			C:/Go/src/crypto/tls/conn.go:1362
#	0x6ec0a8	net/http.(*persistConn).addTLS.func2+0x48		C:/Go/src/net/http/transport.go:1401

0: 0 [1: 288] @ 0x6dfe7c 0x6df053 0x460cd1
#	0x6dfe7b	net/http.(*Transport).dialConn+0x14b	C:/Go/src/net/http/transport.go:1431
#	0x6df052	net/http.(*Transport).dialConnFor+0xe2	C:/Go/src/net/http/transport.go:1300

0: 0 [1: 48] @ 0x7b4335 0x7b3ba1 0x7bdec8 0x7bdd24 0x802bf3 0x7fc2fd 0x7fbe29 0x7fa2c8 0x80635f 0x80592c 0x804fac 0x460cd1
#	0x7b4334	github.com/jmoiron/sqlx.(*DB).QueryRowxContext+0xc4					D:/Egorka/Folders/go/src/github.com/jmoiron/sqlx/sqlx_context.go:172
#	0x7b3ba0	github.com/jmoiron/sqlx.GetContext+0x90							D:/Egorka/Folders/go/src/github.com/jmoiron/sqlx/sqlx_context.go:82
#	0x7bdec7	github.com/jmoiron/sqlx.(*DB).GetContext+0x1f7						D:/Egorka/Folders/go/src/github.com/jmoiron/sqlx/sqlx_context.go:147
#	0x7bdd23	github.com/egorka-gh/pixlpark/photocycle/repo.(*basicRepository).GetGroupState+0x53	D:/Egorka/Folders/go/src/github.com/egorka-gh/pixlpark/photocycle/repo/repository.go:186
#	0x802bf2	github.com/egorka-gh/pixlpark/transform.(*baseFactory).checkCreateInCycle+0xa2		D:/Egorka/Folders/go/src/github.com/egorka-gh/pixlpark/transform/factory.go:859
#	0x7fc2fc	github.com/egorka-gh/pixlpark/transform.(*baseFactory).fetchToLoad+0x3ec		D:/Egorka/Folders/go/src/github.com/egorka-gh/pixlpark/transform/factory.go:372
#	0x7fbe28	github.com/egorka-gh/pixlpark/transform.(*baseFactory).run+0x78				D:/Egorka/Folders/go/src/github.com/egorka-gh/pixlpark/transform/factory.go:335
#	0x7fa2c7	github.com/egorka-gh/pixlpark/transform.(*baseFactory).LoadNew+0x2e7			D:/Egorka/Folders/go/src/github.com/egorka-gh/pixlpark/transform/factory.go:161
#	0x80635e	github.com/egorka-gh/pixlpark/transform.(*Manager).runQueue+0xde			D:/Egorka/Folders/go/src/github.com/egorka-gh/pixlpark/transform/manager.go:284
#	0x80592b	github.com/egorka-gh/pixlpark/transform.(*Manager).doWork+0xcb				D:/Egorka/Folders/go/src/github.com/egorka-gh/pixlpark/transform/manager.go:218
#	0x804fab	github.com/egorka-gh/pixlpark/transform.(*Manager).machine+0x18b			D:/Egorka/Folders/go/src/github.com/egorka-gh/pixlpark/transform/manager.go:90

0: 0 [1: 4864] @ 0x53641e 0x535d52 0x536054 0x7c0116 0x7c0336 0x7c3b0b 0x7c3847 0x91ea07 0x91ecd0 0x7e6394 0x803525 0x801ef5 0x7fbe29 0x460cd1
#	0x53641d	bytes.makeSlice+0x7d								C:/Go/src/bytes/buffer.go:229
#	0x535d51	bytes.(*Buffer).grow+0x161							C:/Go/src/bytes/buffer.go:142
#	0x536053	bytes.(*Buffer).Write+0xe3							C:/Go/src/bytes/buffer.go:172
#	0x7c0115	github.com/go-logfmt/logfmt.(*Encoder).EncodeKeyval+0x165			D:/Egorka/Folders/go/src/github.com/go-logfmt/logfmt/encode.go:64
#	0x7c0335	github.com/go-logfmt/logfmt.(*Encoder).EncodeKeyvals+0x135			D:/Egorka/Folders/go/src/github.com/go-logfmt/logfmt/encode.go:84
#	0x7c3b0a	github.com/go-kit/kit/log.logfmtLogger.Log+0x10a				D:/Egorka/Folders/go/src/github.com/go-kit/kit/log/logfmt_logger.go:46
#	0x7c3846	github.com/go-kit/kit/log.(*context).Log+0x226					D:/Egorka/Folders/go/src/github.com/go-kit/kit/log/log.go:124
#	0x91ea06	main.loggingMiddlware.func1.1.1+0x1d6						D:/Egorka/Folders/go/src/github.com/egorka-gh/pixlpark/cmd/monolit/options.go:62
#	0x91eccf	main.loggingMiddlware.func1.1+0x24f						D:/Egorka/Folders/go/src/github.com/egorka-gh/pixlpark/cmd/monolit/options.go:80
#	0x7e6393	github.com/egorka-gh/pixlpark/pixlpark/service.Endpoints.SetOrderStatus+0x123	D:/Egorka/Folders/go/src/github.com/egorka-gh/pixlpark/pixlpark/service/endpoint.go:203
#	0x803524	github.com/egorka-gh/pixlpark/transform.(*baseFactory).finish+0x464		D:/Egorka/Folders/go/src/github.com/egorka-gh/pixlpark/transform/factory.go:923
#	0x801ef4	github.com/egorka-gh/pixlpark/transform.(*baseFactory).transformItems+0x1174	D:/Egorka/Folders/go/src/github.com/egorka-gh/pixlpark/transform/factory.go:820
#	0x7fbe28	github.com/egorka-gh/pixlpark/transform.(*baseFactory).run+0x78			D:/Egorka/Folders/go/src/github.com/egorka-gh/pixlpark/transform/factory.go:335

0: 0 [3: 1728] @ 0x44b027 0x476dbe 0x477479 0x47763e 0x4ea194 0x4ea891 0x4e890a 0x7fff47 0x7fbe29 0x460cd1
#	0x476dbd	syscall.UTF16FromString+0xed						C:/Go/src/syscall/syscall_windows.go:45
#	0x477478	syscall.UTF16PtrFromString+0x48						C:/Go/src/syscall/syscall_windows.go:72
#	0x47763d	syscall.Open+0x20d							C:/Go/src/syscall/syscall_windows.go:271
#	0x4ea193	os.openFile+0xa3							C:/Go/src/os/file_windows.go:102
#	0x4ea890	os.openFileNolog+0x140							C:/Go/src/os/file_windows.go:163
#	0x4e8909	os.OpenFile+0x69							C:/Go/src/os/file.go:300
#	0x7fff46	github.com/egorka-gh/pixlpark/transform.(*baseFactory).unzip+0x796	D:/Egorka/Folders/go/src/github.com/egorka-gh/pixlpark/transform/factory.go:672
#	0x7fbe28	github.com/egorka-gh/pixlpark/transform.(*baseFactory).run+0x78		D:/Egorka/Folders/go/src/github.com/egorka-gh/pixlpark/transform/factory.go:335

0: 0 [5: 3200] @ 0x4e9ec2 0x4ea1f7 0x4ea891 0x4e890a 0x7fff47 0x7fbe29 0x460cd1
#	0x4e9ec1	os.newFile+0x81								C:/Go/src/os/file_windows.go:57
#	0x4ea1f6	os.openFile+0x106							C:/Go/src/os/file_windows.go:106
#	0x4ea890	os.openFileNolog+0x140							C:/Go/src/os/file_windows.go:163
#	0x4e8909	os.OpenFile+0x69							C:/Go/src/os/file.go:300
#	0x7fff46	github.com/egorka-gh/pixlpark/transform.(*baseFactory).unzip+0x796	D:/Egorka/Folders/go/src/github.com/egorka-gh/pixlpark/transform/factory.go:672
#	0x7fbe28	github.com/egorka-gh/pixlpark/transform.(*baseFactory).run+0x78		D:/Egorka/Folders/go/src/github.com/egorka-gh/pixlpark/transform/factory.go:335

0: 0 [1: 448] @ 0x44b027 0x476dbe 0x4edcc6 0x4edc99 0x4ed765 0x4ed77a 0x4ec090 0x7ffe9d 0x7fbe29 0x460cd1
#	0x476dbd	syscall.UTF16FromString+0xed						C:/Go/src/syscall/syscall_windows.go:45
#	0x4edcc5	syscall.UTF16PtrFromString+0x95						C:/Go/src/syscall/syscall_windows.go:72
#	0x4edc98	os.stat+0x68								C:/Go/src/os/stat_windows.go:71
#	0x4ed764	os.statNolog+0x74							C:/Go/src/os/stat_windows.go:124
#	0x4ed779	os.Stat+0x89								C:/Go/src/os/stat.go:13
#	0x4ec08f	os.MkdirAll+0x3f							C:/Go/src/os/path.go:20
#	0x7ffe9c	github.com/egorka-gh/pixlpark/transform.(*baseFactory).unzip+0x6ec	D:/Egorka/Folders/go/src/github.com/egorka-gh/pixlpark/transform/factory.go:651
#	0x7fbe28	github.com/egorka-gh/pixlpark/transform.(*baseFactory).run+0x78		D:/Egorka/Folders/go/src/github.com/egorka-gh/pixlpark/transform/factory.go:335

0: 0 [17: 45696] @ 0x65f14d 0x7f2097 0x7eeea2 0x7ffec1 0x7fbe29 0x460cd1
#	0x65f14c	compress/flate.NewReader+0xbc						C:/Go/src/compress/flate/inflate.go:801
#	0x7f2096	archive/zip.newFlateReader+0x146					C:/Go/src/archive/zip/register.go:74
#	0x7eeea1	archive/zip.(*File).Open+0x141						C:/Go/src/archive/zip/reader.go:171
#	0x7ffec0	github.com/egorka-gh/pixlpark/transform.(*baseFactory).unzip+0x710	D:/Egorka/Folders/go/src/github.com/egorka-gh/pixlpark/transform/factory.go:660
#	0x7fbe28	github.com/egorka-gh/pixlpark/transform.(*baseFactory).run+0x78		D:/Egorka/Folders/go/src/github.com/egorka-gh/pixlpark/transform/factory.go:335

0: 0 [32: 1024] @ 0x68b552 0x68b788 0x695895 0x6afef3 0x7f8c7c 0x7f6d3f 0x7f4ca3 0x460cd1
#	0x68b551	net/http.http2putDataBufferChunk+0x71			C:/Go/src/net/http/h2_bundle.go:998
#	0x68b787	net/http.(*http2dataBuffer).Read+0x147			C:/Go/src/net/http/h2_bundle.go:1036
#	0x695894	net/http.(*http2pipe).Read+0x1c4			C:/Go/src/net/http/h2_bundle.go:3502
#	0x6afef2	net/http.http2transportResponseBody.Read+0xb2		C:/Go/src/net/http/h2_bundle.go:8448
#	0x7f8c7b	github.com/cavaliercoder/grab.(*transfer).copy+0x1ab	D:/Egorka/Folders/go/src/github.com/cavaliercoder/grab/transfer.go:54
#	0x7f6d3e	github.com/cavaliercoder/grab.(*Client).copyFile+0x6e	D:/Egorka/Folders/go/src/github.com/cavaliercoder/grab/client.go:480
#	0x7f4ca2	github.com/cavaliercoder/grab.(*Client).run+0x72	D:/Egorka/Folders/go/src/github.com/cavaliercoder/grab/client.go:177

0: 0 [1: 32] @ 0x590bcc 0x58fba9 0x58fba9 0x58fba9 0x58fba9 0x591724 0x5dc7c4 0x5dc783 0x60c9d2 0x60a93e 0x608e52 0x607521 0x605ae2 0x6ec0a9 0x460cd1
#	0x590bcb	encoding/asn1.parseField+0x2e7b					C:/Go/src/encoding/asn1/asn1.go:831
#	0x58fba8	encoding/asn1.parseField+0x1e58					C:/Go/src/encoding/asn1/asn1.go:919
#	0x58fba8	encoding/asn1.parseField+0x1e58					C:/Go/src/encoding/asn1/asn1.go:919
#	0x58fba8	encoding/asn1.parseField+0x1e58					C:/Go/src/encoding/asn1/asn1.go:919
#	0x58fba8	encoding/asn1.parseField+0x1e58					C:/Go/src/encoding/asn1/asn1.go:919
#	0x591723	encoding/asn1.UnmarshalWithParams+0x1b3				C:/Go/src/encoding/asn1/asn1.go:1061
#	0x5dc7c3	encoding/asn1.Unmarshal+0x83					C:/Go/src/encoding/asn1/asn1.go:1054
#	0x5dc782	crypto/x509.ParseCertificate+0x42				C:/Go/src/crypto/x509/x509.go:1613
#	0x60c9d1	crypto/tls.(*Conn).verifyServerCertificate+0x611		C:/Go/src/crypto/tls/handshake_client.go:815
#	0x60a93d	crypto/tls.(*clientHandshakeState).doFullHandshake+0x171d	C:/Go/src/crypto/tls/handshake_client.go:454
#	0x608e51	crypto/tls.(*clientHandshakeState).handshake+0x401		C:/Go/src/crypto/tls/handshake_client.go:399
#	0x607520	crypto/tls.(*Conn).clientHandshake+0x2d0			C:/Go/src/crypto/tls/handshake_client.go:208
#	0x605ae1	crypto/tls.(*Conn).Handshake+0x131				C:/Go/src/crypto/tls/conn.go:1362
#	0x6ec0a8	net/http.(*persistConn).addTLS.func2+0x48			C:/Go/src/net/http/transport.go:1401

0: 0 [1: 80] @ 0x7eef12 0x7ffec1 0x7fbe29 0x460cd1
#	0x7eef11	archive/zip.(*File).Open+0x1b1						C:/Go/src/archive/zip/reader.go:180
#	0x7ffec0	github.com/egorka-gh/pixlpark/transform.(*baseFactory).unzip+0x710	D:/Egorka/Folders/go/src/github.com/egorka-gh/pixlpark/transform/factory.go:660
#	0x7fbe28	github.com/egorka-gh/pixlpark/transform.(*baseFactory).run+0x78		D:/Egorka/Folders/go/src/github.com/egorka-gh/pixlpark/transform/factory.go:335

0: 0 [1: 128] @ 0x7c89b4 0x7c7f85 0x683321 0x682d31 0x684445 0x68403c 0x7e4b78 0x91ec3c 0x7e60c0 0x800f59 0x7fbe29 0x460cd1
#	0x7c89b3	github.com/egorka-gh/pixlpark/pixlpark/oauth.cloneRequest+0x283			D:/Egorka/Folders/go/src/github.com/egorka-gh/pixlpark/pixlpark/oauth/transport.go:136
#	0x7c7f84	github.com/egorka-gh/pixlpark/pixlpark/oauth.(*Transport).RoundTrip+0xb4	D:/Egorka/Folders/go/src/github.com/egorka-gh/pixlpark/pixlpark/oauth/transport.go:53
#	0x683320	net/http.send+0x440								C:/Go/src/net/http/client.go:250
#	0x682d30	net/http.(*Client).send+0x100							C:/Go/src/net/http/client.go:174
#	0x684444	net/http.(*Client).do+0x3d4							C:/Go/src/net/http/client.go:641
#	0x68403b	net/http.(*Client).Do+0x3b							C:/Go/src/net/http/client.go:509
#	0x7e4b77	github.com/go-kit/kit/transport/http.Client.Endpoint.func1+0x337		D:/Egorka/Folders/go/src/github.com/go-kit/kit/transport/http/client.go:129
#	0x91ec3b	main.loggingMiddlware.func1.1+0x1bb						D:/Egorka/Folders/go/src/github.com/egorka-gh/pixlpark/cmd/monolit/options.go:74
#	0x7e60bf	github.com/egorka-gh/pixlpark/pixlpark/service.Endpoints.GetOrderItems+0x8f	D:/Egorka/Folders/go/src/github.com/egorka-gh/pixlpark/pixlpark/service/endpoint.go:168
#	0x800f58	github.com/egorka-gh/pixlpark/transform.(*baseFactory).transformItems+0x1d8	D:/Egorka/Folders/go/src/github.com/egorka-gh/pixlpark/transform/factory.go:722
#	0x7fbe28	github.com/egorka-gh/pixlpark/transform.(*baseFactory).run+0x78			D:/Egorka/Folders/go/src/github.com/egorka-gh/pixlpark/transform/factory.go:335

0: 0 [19: 77824] @ 0x65f428 0x65f4d7 0x65f3e1 0x65f125 0x7f2097 0x7eeea2 0x7ffec1 0x7fbe29 0x460cd1
#	0x65f427	bufio.NewReaderSize+0x397						C:/Go/src/bufio/bufio.go:56
#	0x65f4d6	bufio.NewReader+0x446							C:/Go/src/bufio/bufio.go:62
#	0x65f3e0	compress/flate.makeReader+0x350						C:/Go/src/compress/flate/inflate.go:753
#	0x65f124	compress/flate.NewReader+0x94						C:/Go/src/compress/flate/inflate.go:800
#	0x7f2096	archive/zip.newFlateReader+0x146					C:/Go/src/archive/zip/register.go:74
#	0x7eeea1	archive/zip.(*File).Open+0x141						C:/Go/src/archive/zip/reader.go:171
#	0x7ffec0	github.com/egorka-gh/pixlpark/transform.(*baseFactory).unzip+0x710	D:/Egorka/Folders/go/src/github.com/egorka-gh/pixlpark/transform/factory.go:660
#	0x7fbe28	github.com/egorka-gh/pixlpark/transform.(*baseFactory).run+0x78		D:/Egorka/Folders/go/src/github.com/egorka-gh/pixlpark/transform/factory.go:335

0: 0 [230: 7536640] @ 0x484250 0x7ffff5 0x7fff8d 0x7fbe29 0x460cd1
#	0x48424f	io.copyBuffer+0x2af							C:/Go/src/io/io.go:399
#	0x7ffff4	io.Copy+0x844								C:/Go/src/io/io.go:364
#	0x7fff8c	github.com/egorka-gh/pixlpark/transform.(*baseFactory).unzip+0x7dc	D:/Egorka/Folders/go/src/github.com/egorka-gh/pixlpark/transform/factory.go:683
#	0x7fbe28	github.com/egorka-gh/pixlpark/transform.(*baseFactory).run+0x78		D:/Egorka/Folders/go/src/github.com/egorka-gh/pixlpark/transform/factory.go:335

0: 0 [1: 4096] @ 0x65ef86 0x65f032 0x65ef3f 0x65ebd0 0x7f200a 0x7eeea2 0x7ffec1 0x7fbe29 0x460cd1
#	0x65ef85	bufio.NewReaderSize+0x405						C:/Go/src/bufio/bufio.go:56
#	0x65f031	bufio.NewReader+0x4b1							C:/Go/src/bufio/bufio.go:62
#	0x65ef3e	compress/flate.makeReader+0x3be						C:/Go/src/compress/flate/inflate.go:753
#	0x65ebcf	compress/flate.(*decompressor).Reset+0x4f				C:/Go/src/compress/flate/inflate.go:778
#	0x7f2009	archive/zip.newFlateReader+0xb9						C:/Go/src/archive/zip/register.go:72
#	0x7eeea1	archive/zip.(*File).Open+0x141						C:/Go/src/archive/zip/reader.go:171
#	0x7ffec0	github.com/egorka-gh/pixlpark/transform.(*baseFactory).unzip+0x710	D:/Egorka/Folders/go/src/github.com/egorka-gh/pixlpark/transform/factory.go:660
#	0x7fbe28	github.com/egorka-gh/pixlpark/transform.(*baseFactory).run+0x78		D:/Egorka/Folders/go/src/github.com/egorka-gh/pixlpark/transform/factory.go:335

0: 0 [1: 4096] @ 0x6e0693 0x6e0667 0x6df053 0x460cd1
#	0x6e0692	bufio.NewReaderSize+0x962		C:/Go/src/bufio/bufio.go:56
#	0x6e0666	net/http.(*Transport).dialConn+0x936	C:/Go/src/net/http/transport.go:1563
#	0x6df052	net/http.(*Transport).dialConnFor+0xe2	C:/Go/src/net/http/transport.go:1300

0: 0 [192: 6291456] @ 0x65f2d0 0x65f32f 0x7f2097 0x7eeea2 0x7ffec1 0x7fbe29 0x460cd1
#	0x65f2cf	compress/flate.(*dictDecoder).init+0x23f				C:/Go/src/compress/flate/dict_decoder.go:43
#	0x65f32e	compress/flate.NewReader+0x29e						C:/Go/src/compress/flate/inflate.go:804
#	0x7f2096	archive/zip.newFlateReader+0x146					C:/Go/src/archive/zip/register.go:74
#	0x7eeea1	archive/zip.(*File).Open+0x141						C:/Go/src/archive/zip/reader.go:171
#	0x7ffec0	github.com/egorka-gh/pixlpark/transform.(*baseFactory).unzip+0x710	D:/Egorka/Folders/go/src/github.com/egorka-gh/pixlpark/transform/factory.go:660
#	0x7fbe28	github.com/egorka-gh/pixlpark/transform.(*baseFactory).run+0x78		D:/Egorka/Folders/go/src/github.com/egorka-gh/pixlpark/transform/factory.go:335

0: 0 [96: 3072] @ 0x602bcc 0x6015cb 0x605418 0x605423 0x643841 0x483c2e 0x68cbae 0x68cb61 0x68d418 0x6adf85 0x6ad6da 0x460cd1
#	0x602bcb	crypto/tls.(*Conn).readFromUntil+0xab		C:/Go/src/crypto/tls/conn.go:802
#	0x6015ca	crypto/tls.(*Conn).readRecordOrCCS+0x58a	C:/Go/src/crypto/tls/conn.go:654
#	0x605417	crypto/tls.(*Conn).readRecord+0x167		C:/Go/src/crypto/tls/conn.go:577
#	0x605422	crypto/tls.(*Conn).Read+0x172			C:/Go/src/crypto/tls/conn.go:1255
#	0x643840	bufio.(*Reader).Read+0x270			C:/Go/src/bufio/bufio.go:226
#	0x483c2d	io.ReadAtLeast+0x8d				C:/Go/src/io/io.go:310
#	0x68cbad	io.ReadFull+0x8d				C:/Go/src/io/io.go:329
#	0x68cb60	net/http.http2readFrameHeader+0x40		C:/Go/src/net/http/h2_bundle.go:1477
#	0x68d417	net/http.(*http2Framer).ReadFrame+0xa7		C:/Go/src/net/http/h2_bundle.go:1735
#	0x6adf84	net/http.(*http2clientConnReadLoop).run+0x94	C:/Go/src/net/http/h2_bundle.go:8175
#	0x6ad6d9	net/http.(*http2ClientConn).readLoop+0xa9	C:/Go/src/net/http/h2_bundle.go:8103

0: 0 [145: 6960] @ 0x68e242 0x68e248 0x68d55a 0x6adf85 0x6ad6da 0x460cd1
#	0x68e241	net/http.(*http2frameCache).getDataFrame+0x1e1	C:/Go/src/net/http/h2_bundle.go:1662
#	0x68e247	net/http.http2parseDataFrame+0x1e7		C:/Go/src/net/http/h2_bundle.go:1843
#	0x68d559	net/http.(*http2Framer).ReadFrame+0x1e9		C:/Go/src/net/http/h2_bundle.go:1746
#	0x6adf84	net/http.(*http2clientConnReadLoop).run+0x94	C:/Go/src/net/http/h2_bundle.go:8175
#	0x6ad6d9	net/http.(*http2ClientConn).readLoop+0xa9	C:/Go/src/net/http/h2_bundle.go:8103

0: 0 [18: 294912] @ 0x6e71c6 0x471e7d 0x68b471 0x68bba4 0x68ba7c 0x695aea 0x6b0a98 0x6ae4dd 0x6ad6da 0x460cd1
#	0x6e71c5	net/http.glob..func5+0x45				C:/Go/src/net/http/h2_bundle.go:981
#	0x471e7c	sync.(*Pool).Get+0xac					C:/Go/src/sync/pool.go:148
#	0x68b470	net/http.http2getDataBufferChunk+0x70			C:/Go/src/net/http/h2_bundle.go:992
#	0x68bba3	net/http.(*http2dataBuffer).lastChunkOrAlloc+0x63	C:/Go/src/net/http/h2_bundle.go:1087
#	0x68ba7b	net/http.(*http2dataBuffer).Write+0x9b			C:/Go/src/net/http/h2_bundle.go:1070
#	0x695ae9	net/http.(*http2pipe).Write+0x169			C:/Go/src/net/http/h2_bundle.go:3533
#	0x6b0a97	net/http.(*http2clientConnReadLoop).processData+0x317	C:/Go/src/net/http/h2_bundle.go:8617
#	0x6ae4dc	net/http.(*http2clientConnReadLoop).run+0x5ec		C:/Go/src/net/http/h2_bundle.go:8210
#	0x6ad6d9	net/http.(*http2ClientConn).readLoop+0xa9		C:/Go/src/net/http/h2_bundle.go:8103

0: 0 [22: 720896] @ 0x484250 0x80b931 0x80b93c 0x80af68 0x809572 0x8013e1 0x7fbe29 0x460cd1
#	0x48424f	io.copyBuffer+0x2af								C:/Go/src/io/io.go:399
#	0x80b930	io.Copy+0x250									C:/Go/src/io/io.go:364
#	0x80b93b	github.com/egorka-gh/pixlpark/transform.copyFile+0x25b				D:/Egorka/Folders/go/src/github.com/egorka-gh/pixlpark/transform/util.go:85
#	0x80af67	github.com/egorka-gh/pixlpark/transform.listCopy+0x2a7				D:/Egorka/Folders/go/src/github.com/egorka-gh/pixlpark/transform/toCycle.go:414
#	0x809571	github.com/egorka-gh/pixlpark/transform.(*baseFactory).transformAlias+0xb51	D:/Egorka/Folders/go/src/github.com/egorka-gh/pixlpark/transform/toCycle.go:262
#	0x8013e0	github.com/egorka-gh/pixlpark/transform.(*baseFactory).transformItems+0x660	D:/Egorka/Folders/go/src/github.com/egorka-gh/pixlpark/transform/factory.go:757
#	0x7fbe28	github.com/egorka-gh/pixlpark/transform.(*baseFactory).run+0x78			D:/Egorka/Folders/go/src/github.com/egorka-gh/pixlpark/transform/factory.go:335


# runtime.MemStats
# Alloc = 680184
# TotalAlloc = 504308056
# Sys = 54968056
# Lookups = 0
# Mallocs = 3981170
# Frees = 3974220
# HeapAlloc = 680184
# HeapSys = 49348608
# HeapIdle = 47341568
# HeapInuse = 2007040
# HeapReleased = 44769280
# HeapObjects = 6950
# Stack = 983040 / 983040
# MSpan = 41480 / 327680
# MCache = 6816 / 16384
# BuckHashSys = 1465158
# GCSys = 1873408
# OtherSys = 953778
# NextGC = 4194304
# LastGC = 1573475858041905700
# PauseNs = [0 0 0 0 0 0 0 0 0 8000500 12000700 0 0 0 0 0 0 0 0 0 0 0 0 0 0 32001800 3000200 12000600 0 0 65003700 0 0 0 0 0 0 0 0 0 0 0 0 0 0 0 0 0 0 0 0 0 0 0 0 0 0 0 0 0 0 0 0 0 0 0 0 0 0 0 0 0 0 0 0 0 0 0 0 0 0 0 0 0 0 0 0 0 0 0 0 0 0 0 0 0 0 3000200 0 0 0 0 0 0 0 0 0 0 0 0 0 0 0 0 0 0 0 0 0 0 0 0 0 0 0 0 0 0 0 0 0 0 0 0 0 0 0 0 0 0 0 0 0 0 0 0 1000000 0 0 0 0 0 0 0 0 0 0 0 0 0 0 0 0 0 0 0 14000800 0 0 0 0 0 0 0 0 0 0 0 0 0 0 0 0 0 0 0 0 0 0 0 0 0 0 0 0 0 0 0 0 0 0 0 0 0 0 0 0 0 0 0 0 0 0 0 0 0 0 0 0 0 0 0 0 0 0 0 0 0 0 0 0 0 0 0 0 0 0 0 0 0 0 0 0 0 0 0 0 0 0 0 0 0 0 0 0 0]
# PauseEnd = [1573466965142261000 1573466999764241200 1573467029514942900 1573467029665951500 1573467032565117300 1573467036268329100 1573467036671352200 1573467057078519400 1573467085411139900 1573467093408597400 1573467093769618000 1573467100617009700 1573467129816679800 1573467129994690000 1573467130797735900 1573467163103583700 1573467194380372600 1573467200065697800 1573467200307711600 1573467204332941900 1573467241919091700 1573467248088444500 1573467248343459100 1573467257101960100 1573467290558873700 1573467320173567600 1573467340541732600 1573467341002758900 1573467341348778700 1573467379511961500 1573467428721776200 1573467472025253000 1573467499989852500 1573467500035855100 1573467500077857500 1573467500126860300 1573467500379874800 1573467500740895400 1573467502747010200 1573467651946543900 1573467777625732300 1573467897628596100 1573468017631459900 1573468132394023900 1573468169113124100 1573468173004346700 1573468173084351300 1573468173958401300 1573468231192674900 1573468253012922900 1573468253082926900 1573468253198933600 1573468253608957000 1573468254276995200 1573468405314634100 1573468527643630900 1573468647646494700 1573468767649358500 1573468935680969300 1573469055683833100 1573469175686696900 1573469295689560600 1573469415692424400 1573469536124312700 1573469656127176500 1573469776130040300 1573469896132904000 1573470016135767800 1573470068162743600 1573470080273436300 1573470080299437700 1573470081370499000 1573470111306211200 1573470113752351100 1573470114145373600 1573470129584256700 1573470129675261900 1573470130027282000 1573470140706892900 1573470140767896300 1573470141107915800 1573470281217929600 1573470402100843700 1573470522103707500 1573470642106571300 1573470822000860600 1573470942003724400 1573471062006588200 1573471182009452000 1573471302012315700 1573471359736617400 1573471373636412400 1573471373691415500 1573471374205444900 1573471414188731900 1573471461022410600 1573471501904748900 1573471536101704900 1573471536135706800 1573471536253713600 1573471536291715700 1573471536346718900 1573471536429723600 1573471536947753300 1573471539035872700 1573471694760779700 1573471825294245700 1573471945297109500 1573472065299973300 1573472166851781700 1573472197595540200 1573472220992878400 1573472221042881300 1573472221115885400 1573472234087627400 1573472244053197400 1573472246162318000 1573472291935936100 1573472292060943300 1573472292503968600 1573472319069488100 1573472355192554200 1573472389532518300 1573472389562520000 1573472389586521400 1573472389735529900 1573472389872537800 1573472390149553600 1573472401042176600 1573472552666849100 1573472678334036800 1573472798336900600 1573472918339764400 1573473014929289000 1573473045184019400 1573473076409805500 1573473107130562600 1573473126864691300 1573473126966697100 1573473127180709400 1573473128804802300 1573473145149737200 1573473171097221300 1573473171123222800 1573473171162225000 1573473171374237100 1573473171960270600 1573473206370238800 1573473213673656500 1573473213741660400 1573473213948672200 1573473215349752400 1573473355466766600 1573473478190786000 1573473598193649800 1573473718196513600 1573473896100689100 1573474016103552900 1573474136106416600 1573474256109280400 1573474376112144200 1573474496678040200 1573474626504465800 1573474746507329600 1573474866510193300 1573474986513057100 1573475028374451500 1573475061228330600 1573475091979089400 1573475106502920100 1573475106639928000 1573475106995948300 1573475127628128400 1573475157690847900 1573475189122645700 1573475204715537600 1573475204981552800 1573475210188850600 1573475244200796000 1573475253386321400 1573475253442324600 1573475253531329700 1573475255450439500 1573475321776233100 1573475341751375600 1573475342061393300 1573475342308407400 1573475342684429000 1573475344125511400 1573475493168036100 1573475615407027800 1573475735409891600 1573475858041905700 0 0 0 0 0 0 0 0 0 0 0 0 0 0 0 0 0 0 0 0 0 0 0 0 0 0 0 0 0 0 0 0 0 0 0 0 0 0 0 0 0 0 0 0 0 0 0 0 0 0 0 0 0 0 0 0 0 0 0 0 0 0 0]
# NumGC = 193
# NumForcedGC = 0
# GCCPUFraction = 2.2726371940235232e-05
# DebugGC = false